<?xml version="1.0" encoding="UTF-8"?>
<testsuite xmlns:xsi="http://www.w3.org/2001/XMLSchema-instance" xsi:noNamespaceSchemaLocation="https://maven.apache.org/surefire/maven-surefire-plugin/xsd/surefire-test-report-3.0.xsd" version="3.0" name="TestRunner.Run" time="342.671" tests="6" errors="0" skipped="0" failures="1">
  <properties>
[...]
</properties>
  <testcase name="runScenario[&quot;Add New Customer&quot;, &quot;Customers&quot;](1)" classname="TestRunner.Run" time="23.947">
    <system-out><![CDATA[setup1 method exicuted sanity
[DEBUG] Using WebDriverManager 5.6.3
[DEBUG] Removing resolution chrome=122 from cache (expired on Sat Mar 09 13:29:02 IST 2024)
[DEBUG] ex-0000000001 preparing request execution
[DEBUG] ex-0000000001 target auth state: UNCHALLENGED
[DEBUG] ex-0000000001 proxy auth state: UNCHALLENGED
[DEBUG] ex-0000000001 acquiring connection with route {s}->https://raw.githubusercontent.com:443
[DEBUG] ex-0000000001 acquiring endpoint (3 MINUTES)
[DEBUG] ex-0000000001 endpoint lease request (3 MINUTES) [route: {s}->https://raw.githubusercontent.com:443][total available: 0; route allocated: 0 of 5; total allocated: 0 of 25]
[DEBUG] ex-0000000001 endpoint leased [route: {s}->https://raw.githubusercontent.com:443][total available: 0; route allocated: 1 of 5; total allocated: 1 of 25]
[DEBUG] ex-0000000001 acquired ep-0000000001
[DEBUG] ex-0000000001 acquired endpoint ep-0000000001
[DEBUG] ex-0000000001 opening connection {s}->https://raw.githubusercontent.com:443
[DEBUG] ep-0000000001 connecting endpoint (null)
[DEBUG] ep-0000000001 connecting endpoint to https://raw.githubusercontent.com:443 (30 SECONDS)
[DEBUG] raw.githubusercontent.com resolving remote address
[DEBUG] raw.githubusercontent.com resolved to [raw.githubusercontent.com/185.199.108.133, raw.githubusercontent.com/185.199.109.133, raw.githubusercontent.com/185.199.110.133, raw.githubusercontent.com/185.199.111.133, raw.githubusercontent.com/2606:50c0:8003:0:0:0:0:154, raw.githubusercontent.com/2606:50c0:8002:0:0:0:0:154, raw.githubusercontent.com/2606:50c0:8001:0:0:0:0:154, raw.githubusercontent.com/2606:50c0:8000:0:0:0:0:154]
[DEBUG] raw.githubusercontent.com:443 connecting null->raw.githubusercontent.com/185.199.108.133:443 (30 SECONDS)
[DEBUG] Connecting socket to raw.githubusercontent.com/185.199.108.133:443 with timeout 30 SECONDS
[DEBUG] Enabled protocols: [TLSv1.3, TLSv1.2]
[DEBUG] Enabled cipher suites: [TLS_AES_256_GCM_SHA384, TLS_AES_128_GCM_SHA256, TLS_CHACHA20_POLY1305_SHA256, TLS_ECDHE_ECDSA_WITH_AES_256_GCM_SHA384, TLS_ECDHE_ECDSA_WITH_AES_128_GCM_SHA256, TLS_ECDHE_ECDSA_WITH_CHACHA20_POLY1305_SHA256, TLS_ECDHE_RSA_WITH_AES_256_GCM_SHA384, TLS_ECDHE_RSA_WITH_CHACHA20_POLY1305_SHA256, TLS_ECDHE_RSA_WITH_AES_128_GCM_SHA256, TLS_DHE_RSA_WITH_AES_256_GCM_SHA384, TLS_DHE_RSA_WITH_CHACHA20_POLY1305_SHA256, TLS_DHE_DSS_WITH_AES_256_GCM_SHA384, TLS_DHE_RSA_WITH_AES_128_GCM_SHA256, TLS_DHE_DSS_WITH_AES_128_GCM_SHA256, TLS_ECDHE_ECDSA_WITH_AES_256_CBC_SHA384, TLS_ECDHE_RSA_WITH_AES_256_CBC_SHA384, TLS_ECDHE_ECDSA_WITH_AES_128_CBC_SHA256, TLS_ECDHE_RSA_WITH_AES_128_CBC_SHA256, TLS_DHE_RSA_WITH_AES_256_CBC_SHA256, TLS_DHE_DSS_WITH_AES_256_CBC_SHA256, TLS_DHE_RSA_WITH_AES_128_CBC_SHA256, TLS_DHE_DSS_WITH_AES_128_CBC_SHA256, TLS_ECDHE_ECDSA_WITH_AES_256_CBC_SHA, TLS_ECDHE_RSA_WITH_AES_256_CBC_SHA, TLS_ECDHE_ECDSA_WITH_AES_128_CBC_SHA, TLS_ECDHE_RSA_WITH_AES_128_CBC_SHA, TLS_DHE_RSA_WITH_AES_256_CBC_SHA, TLS_DHE_DSS_WITH_AES_256_CBC_SHA, TLS_DHE_RSA_WITH_AES_128_CBC_SHA, TLS_DHE_DSS_WITH_AES_128_CBC_SHA, TLS_RSA_WITH_AES_256_GCM_SHA384, TLS_RSA_WITH_AES_128_GCM_SHA256, TLS_RSA_WITH_AES_256_CBC_SHA256, TLS_RSA_WITH_AES_128_CBC_SHA256, TLS_RSA_WITH_AES_256_CBC_SHA, TLS_RSA_WITH_AES_128_CBC_SHA, TLS_EMPTY_RENEGOTIATION_INFO_SCSV]
[DEBUG] Starting handshake (null)
[DEBUG] Secure session established
[DEBUG]  negotiated protocol: TLSv1.3
[DEBUG]  negotiated cipher suite: TLS_AES_128_GCM_SHA256
[DEBUG]  peer principal: CN=*.github.io, O="GitHub, Inc.", L=San Francisco, ST=California, C=US
[DEBUG]  peer alternative names: [*.github.io, github.io, *.github.com, github.com, www.github.com, *.githubusercontent.com, githubusercontent.com]
[DEBUG]  issuer principal: CN=DigiCert TLS RSA SHA256 2020 CA1, O=DigiCert Inc, C=US
[DEBUG] http-outgoing-0 set socket timeout to 3 MINUTES
[DEBUG] raw.githubusercontent.com:443 connected null->raw.githubusercontent.com/185.199.108.133:443 as http-outgoing-0
[DEBUG] ep-0000000001 connected http-outgoing-0
[DEBUG] ep-0000000001 endpoint connected
[DEBUG] ex-0000000001 executing GET /bonigarcia/webdrivermanager/master/src/main/resources/commands.properties HTTP/1.1
[DEBUG] ex-0000000001 Cookie spec selected: strict
[DEBUG] ep-0000000001 start execution ex-0000000001
[DEBUG] ep-0000000001 executing exchange ex-0000000001 over http-outgoing-0
[DEBUG] http-outgoing-0 >> GET /bonigarcia/webdrivermanager/master/src/main/resources/commands.properties HTTP/1.1
[DEBUG] http-outgoing-0 >> user-agent: Apache-HttpClient/5.0
[DEBUG] http-outgoing-0 >> accept-encoding: gzip, deflate, br
[DEBUG] http-outgoing-0 >> cache-control: max-age=0
[DEBUG] http-outgoing-0 >> connection: keep-alive
[DEBUG] http-outgoing-0 >> Host: raw.githubusercontent.com
[DEBUG] http-outgoing-0 >> "GET /bonigarcia/webdrivermanager/master/src/main/resources/commands.properties HTTP/1.1[\r][\n]"
[DEBUG] http-outgoing-0 >> "user-agent: Apache-HttpClient/5.0[\r][\n]"
[DEBUG] http-outgoing-0 >> "accept-encoding: gzip, deflate, br[\r][\n]"
[DEBUG] http-outgoing-0 >> "cache-control: max-age=0[\r][\n]"
[DEBUG] http-outgoing-0 >> "connection: keep-alive[\r][\n]"
[DEBUG] http-outgoing-0 >> "Host: raw.githubusercontent.com[\r][\n]"
[DEBUG] http-outgoing-0 >> "[\r][\n]"
[DEBUG] http-outgoing-0 << "HTTP/1.1 200 OK[\r][\n]"
[DEBUG] http-outgoing-0 << "Connection: keep-alive[\r][\n]"
[DEBUG] http-outgoing-0 << "Content-Length: 745[\r][\n]"
[DEBUG] http-outgoing-0 << "Cache-Control: max-age=300[\r][\n]"
[DEBUG] http-outgoing-0 << "Content-Security-Policy: default-src 'none'; style-src 'unsafe-inline'; sandbox[\r][\n]"
[DEBUG] http-outgoing-0 << "Content-Type: text/plain; charset=utf-8[\r][\n]"
[DEBUG] http-outgoing-0 << "ETag: W/"dd41edff335272162022217759820159dac501cff56850e2510f504462cd9b5f"[\r][\n]"
[DEBUG] http-outgoing-0 << "Strict-Transport-Security: max-age=31536000[\r][\n]"
[DEBUG] http-outgoing-0 << "X-Content-Type-Options: nosniff[\r][\n]"
[DEBUG] http-outgoing-0 << "X-Frame-Options: deny[\r][\n]"
[DEBUG] http-outgoing-0 << "X-XSS-Protection: 1; mode=block[\r][\n]"
[DEBUG] http-outgoing-0 << "X-GitHub-Request-Id: 5D7E:3D3D33:19B9:412F:65E65CB7[\r][\n]"
[DEBUG] http-outgoing-0 << "Content-Encoding: gzip[\r][\n]"
[DEBUG] http-outgoing-0 << "Accept-Ranges: bytes[\r][\n]"
[DEBUG] http-outgoing-0 << "Date: Sun, 10 Mar 2024 16:05:21 GMT[\r][\n]"
[DEBUG] http-outgoing-0 << "Via: 1.1 varnish[\r][\n]"
[DEBUG] http-outgoing-0 << "X-Served-By: cache-hyd1100020-HYD[\r][\n]"
[DEBUG] http-outgoing-0 << "X-Cache: HIT[\r][\n]"
[DEBUG] http-outgoing-0 << "X-Cache-Hits: 1[\r][\n]"
[DEBUG] http-outgoing-0 << "X-Timer: S1710086721.168708,VS0,VE1[\r][\n]"
[DEBUG] http-outgoing-0 << "Vary: Authorization,Accept-Encoding,Origin[\r][\n]"
[DEBUG] http-outgoing-0 << "Access-Control-Allow-Origin: *[\r][\n]"
[DEBUG] http-outgoing-0 << "Cross-Origin-Resource-Policy: cross-origin[\r][\n]"
[DEBUG] http-outgoing-0 << "X-Fastly-Request-ID: ef7a7066eee96adf35bc268e3746bd30ee613733[\r][\n]"
[DEBUG] http-outgoing-0 << "Expires: Sun, 10 Mar 2024 16:10:21 GMT[\r][\n]"
[DEBUG] http-outgoing-0 << "Source-Age: 299[\r][\n]"
[DEBUG] http-outgoing-0 << "[\r][\n]"
[DEBUG] http-outgoing-0 << HTTP/1.1 200 OK
[DEBUG] http-outgoing-0 << Connection: keep-alive
[DEBUG] http-outgoing-0 << Content-Length: 745
[DEBUG] http-outgoing-0 << Cache-Control: max-age=300
[DEBUG] http-outgoing-0 << Content-Security-Policy: default-src 'none'; style-src 'unsafe-inline'; sandbox
[DEBUG] http-outgoing-0 << Content-Type: text/plain; charset=utf-8
[DEBUG] http-outgoing-0 << ETag: W/"dd41edff335272162022217759820159dac501cff56850e2510f504462cd9b5f"
[DEBUG] http-outgoing-0 << Strict-Transport-Security: max-age=31536000
[DEBUG] http-outgoing-0 << X-Content-Type-Options: nosniff
[DEBUG] http-outgoing-0 << X-Frame-Options: deny
[DEBUG] http-outgoing-0 << X-XSS-Protection: 1; mode=block
[DEBUG] http-outgoing-0 << X-GitHub-Request-Id: 5D7E:3D3D33:19B9:412F:65E65CB7
[DEBUG] http-outgoing-0 << Content-Encoding: gzip
[DEBUG] http-outgoing-0 << Accept-Ranges: bytes
[DEBUG] http-outgoing-0 << Date: Sun, 10 Mar 2024 16:05:21 GMT
[DEBUG] http-outgoing-0 << Via: 1.1 varnish
[DEBUG] http-outgoing-0 << X-Served-By: cache-hyd1100020-HYD
[DEBUG] http-outgoing-0 << X-Cache: HIT
[DEBUG] http-outgoing-0 << X-Cache-Hits: 1
[DEBUG] http-outgoing-0 << X-Timer: S1710086721.168708,VS0,VE1
[DEBUG] http-outgoing-0 << Vary: Authorization,Accept-Encoding,Origin
[DEBUG] http-outgoing-0 << Access-Control-Allow-Origin: *
[DEBUG] http-outgoing-0 << Cross-Origin-Resource-Policy: cross-origin
[DEBUG] http-outgoing-0 << X-Fastly-Request-ID: ef7a7066eee96adf35bc268e3746bd30ee613733
[DEBUG] http-outgoing-0 << Expires: Sun, 10 Mar 2024 16:10:21 GMT
[DEBUG] http-outgoing-0 << Source-Age: 299
[DEBUG] ex-0000000001 connection can be kept alive for 3 MINUTES
[DEBUG] http-outgoing-0 << "[0x1f][0xffffff8b][0x8][0x0][0x0][0x0][0x0][0x0][0x0][0x3][0xffffffb5]W]o[0xffffffda]0[0x14]}[0xffffffe7]W\QUj% [0x1b][0xffffffad][0xffffffa6]i[0x12][0xf]4c[0xffffffdd]4*[0x18][0xffffffb4][0xffffffdd]&[0xfffffff9][0xffffffc5]$N[0xffffffb0][0xffffff94][0xffffffd8][0xffffffc8]NJ[0xffffffb7]_?[0xffffffdb][0xfffffff9]X[0xffffff92]:[0xffffffa3]k[0xffffffe8][0x1b][0xffffffb6][0xffffffef]=[0xffffffe7][0xffffffd8][0xfffffff7][0xffffffe4][0xffffffda][0xffffff9c][0xffffff80][0xffffffcb][0xffffffe3][0x18]3_[0xffffff82][0xffffff8f][0x13][0xffffffbc][0xffffffc1][0xffffff92][0xfffffff4]N[0xffffffe0]vK%[0x4]4"[0xffffffe0]q[0xffffff96]`[0xffffffca]$$[=[0xffffffc8]C[0x13][0xe][0x1b][0x2][0xffffffe4][0xffffff91]xiB|[0xffffffa0][0xffffffcc],[0xffffffcb]-[0xffffff89]"=[0xffffffe0][0xffffffc2]'B[0x7][0xfffffff9]$!^b[0x16][0x1f][0xffffff88][0xffffff90][0xffffff94][0xffffffab][0xffffffb5][0x0][0xffffff88][0xfffffffa][0x1d][\n]"
[DEBUG] http-outgoing-0 << "B[0x18]l[0x4][0xffffffdf]K[0xffffffb5][0xffffffa0]([0xffffffcf][0xffffffdc][0xffffffad][0xffffffe0]1[0x19][0xffffffc0]'*H[0xffffffc0][0x1f][0x7][0xffffffb0][0xffffffd8][0x11][0xffffff81][0x7]0[0xfffffff3]C5kVi[0x1a][0xffffff9f]k|[0xffffff9f][0x6][0x1][0x11][0xffffff84]%[0xffffffc0]uLBY[0x8][0xfffffff2][0xffffff97]LH,[0xffffffe1][0xffffffec];e[0xffffffbe]B[0x1d][0xffffffc0][0xffffff9c][0xffffffb2]T[0xffffffc1][0xffffffdc]`[0xf][0x16][0xffffffeb][0xfffffff3][0xffffff9e][0xffffffe2][0xffffffc8](z[0xfffffff9]6F[0xffffff9e][0x19][0xffffff8e][0xfffffff6]Y[0xffffffc2][0xffffffe8][0xffffffcd][0xffffffdb][0xffffff89][0x17][0xfffffffb]#[0xffffffb5]+p\[0xffffffd8][0xffffffc7][0xffffffd4]3Gb[0xffffff8e]a[0xffffffbf]U|[0xffffffc0]pL&[0xfffffffd][0xffffffd3][0xffffffe5]jq[0xffffffbd][0xffffff9a][0xffffffde]|[0xfffffffa]2[0xffffff9f][0xffffffad]?[0xffffffa0][0x9]B[0xffffffa7][0x8]]s[0x1e]F[0x4][0xffffffa1][0xffffff8c][0x2][0xffffffa1][0xffffffe9]n[0x17]QOI[0xffffffe3][0xc][0xffffffa1][0xffffff9c]H![0xfffffff7]!$[0x9][0xffffffdc][0xffffffe7]g[0xffffffe1]<[0xffffffe0](m[0xffffffd7]3~[0xffffff81][0xffffff9e][0xffffffb3][0x1f][0xffffffef][0xffffffdf][0xffffff9d][0xffffffbf][0xffffffa6][0xffffffa8][0xffffff8b]g[0xffffff8a][0xffffff9a]/[0xffffffdc][0xffffffe9]|[0xffffffba]\~[0xffffff9c][0xffffffde]N_S[0xffffffcf][0xffffffe5]d5[0xffffffbb][0xffffff86]ow[0xffffffb3][0xffffffd5]O[0xfffffff8][0xfffffffc][0xffffffd5][0xffffffbd]Ck[0x1e]${,H[0xffffffc1][0xffffff96][0xffffff93]][0xffffffcd][0xffffffaf][0x8][0xfffffff6][0xc]^[0xffffffe1][0xffffffc5]^[0x13]4[0xffffffd2][0xffffff8e][0xffffffd1]>pR)[0xffffff9c][\r]eNh0[0xffffff86][0xffffffd9]:[0xc][0xffffff87]E[0xffffffa6]=q<i[0xffffff8b]o&[0xffffffc4][0xffffffd8]3<[0xffffff95][0x13][0xffffff90]N&8w[0xffffffe9][0x8][0xffffffef]v[0xffffff8e][0xffffffab][0xffffffbe]>es[0xffffffe9]([0x13]/[0xffffffd6][0xfffffff5][0xffffff80]*[0xffffffba][0xfffffff2]v[0xfffffffe][0xffffffd9][0xffffff94]DA6>[0xffffff8e][0xffffffbb]o[0xfffffff8]o[0x1a]E[0xffffffb8] A[0xffffffa8]@?T[0xffffffad]'*:{[0xfffffffa]xR.*[0xffffffce][0xffffffe9][0xffffffd7][0xffffffad][0xffffff93][0xffffff93]4[0xffffffc9][0xfffffffa][0xffffffda]<n*t[0xffffffeb][0xffffffb9]oV[0xffffffb6][0xffffffc0]/M[0xffffff94]O[0xffffffc0][0xfffffff0][0xffffffe1]i[0xffffff90][0xffffffb5][0xfffffffe]9[0xffffff8b][0xffffffad][0xfffffff2]U,Ul[0xffffffdd][0x13]KL[0xffffffa2][0x6][0xffffffdd][0xffffffca]\?`[0xffffffea][0x9].[0xffffffd5]I [0xffffffa4]i[0x1a]_i,[\r][0xffffffdd][0xffffffa1][0xffffffc3][0xffffffae]kzI[0xffffffd1]_Q[0xffffffce]Ek[0xffffffcb][0xfffffff8]Kf[0xffffffb8][0xfffffffe][0xffffffd9]3[0xc][0xffffffe6][0xffffffd3][0xffffff8e][0x11][0x17][0x10]C[0x1d]`i[0x19][0xffffffd5][0xffffffbc][0xfffffff1][0xffffffa4]5[0xffffffbc][0x1e]o[0xfffffff5]K[0xffffffa9][0xffffffd6][0xfffffff8][0xffffffc1]f[0xffffff9b]z[0x4][0xffffffd4][0x1a][0xffffff86][0xffffffb9]^K[0x16]s[0xffffff91][0xfffffffe][0xffffffbf][0xffffff8b]l]~)x(p,[0x11]2[0x14][0x8]E8e[0xffffff9e][0xffffffca]:X[0xffffffa6][0xffffff86][0xffffff88].[0xffffffb6]9[0xffffff9a][0xffffff88].[0xfffffff7]]G[0xffffffea][0xffffffcb][0xe][0xfffffffb][0x7f].u[0xffffff83][0xffffffbb][0xfffffff4][0xffffffb3][0x19][0xffffffda][0xffffffec][0xffffff98][0xffffffc5]Y[0xfffffffd]h8m6\4[0xffffffc1][0xffffff8a][0xffffffb7][0xffffff98]z[0xffffffd0][0xffffffd5]oF5q[0x1c][0x13][0x16][0xfffffff0][0x1d][0x1e][0x19]5-[0xffffff9d][0xffffffef][0xffffffad]c[0xb]z[0xffffffae]/m[0xffffffe6]8[0xffffffb6][0xffffff96][0xfffffff6]7X[0xffffffc9]t[0xfffffff8][0xfffffff9][0xffffffa5][0x11]K[0xfffffffb][0x15]3[0xffffffc3][0xfffffffc][0x1f]B[0xffffffdb][0xffffffd3][0xffffffab][0xffffff92]4.[0xffffff93]Z[0xffffffdf]]:[0xffffffda][0xffffffea][0xffffffdc]B[0xffffffa6][0xffffffcd][0xffffffbc][0xffffffae][0x5][0xfffffff5][0x4][0xffffffd6]8[0xffffffc0][0xffffff82][0xffffff96][0xfffffff0][0xffffffd2][0xc][0xffffffed][0xffffffe0]Y[0xffffffa8][\r]:[[0xffffffa9][0x0][0xffffffff][0x1][0xfffffff8][0x15][0xffffffb4][0xffffffee][0xffffff8e][\r][0x0][0x0]"
[DEBUG] ep-0000000001 releasing valid endpoint
[DEBUG] ep-0000000001 releasing endpoint
[DEBUG] ep-0000000001 connection http-outgoing-0 can be kept alive for 3 MINUTES
[DEBUG] ep-0000000001 connection released [route: {s}->https://raw.githubusercontent.com:443][total available: 1; route allocated: 1 of 5; total allocated: 1 of 25]
[DEBUG] Detecting chrome version using online commands.properties
[DEBUG] Running command on the shell: [cmd.exe, /C, wmic, datafile, where, name="%PROGRAMFILES:\=\\%\\Google\\Chrome\\Application\\chrome.exe", get, Version, /value]
[DEBUG] Result: 
[DEBUG] Running command on the shell: [cmd.exe, /C, wmic, datafile, where, name="%PROGRAMFILES(X86):\=\\%\\Google\\Chrome\\Application\\chrome.exe", get, Version, /value]
[DEBUG] Result: Version=122.0.6261.112
[DEBUG] Removing resolution chrome122=122.0.6261.111 from cache (expired on Sat Mar 09 14:42:28 IST 2024)
[DEBUG] ex-0000000002 preparing request execution
[DEBUG] ex-0000000002 target auth state: UNCHALLENGED
[DEBUG] ex-0000000002 proxy auth state: UNCHALLENGED
[DEBUG] ex-0000000002 acquiring connection with route {s}->https://googlechromelabs.github.io:443
[DEBUG] ex-0000000002 acquiring endpoint (3 MINUTES)
[DEBUG] ex-0000000002 endpoint lease request (3 MINUTES) [route: {s}->https://googlechromelabs.github.io:443][total available: 1; route allocated: 0 of 5; total allocated: 1 of 25]
[DEBUG] ex-0000000002 endpoint leased [route: {s}->https://googlechromelabs.github.io:443][total available: 1; route allocated: 1 of 5; total allocated: 2 of 25]
[DEBUG] ex-0000000002 acquired ep-0000000002
[DEBUG] ex-0000000002 acquired endpoint ep-0000000002
[DEBUG] ex-0000000002 opening connection {s}->https://googlechromelabs.github.io:443
[DEBUG] ep-0000000002 connecting endpoint (null)
[DEBUG] ep-0000000002 connecting endpoint to https://googlechromelabs.github.io:443 (30 SECONDS)
[DEBUG] googlechromelabs.github.io resolving remote address
[DEBUG] googlechromelabs.github.io resolved to [googlechromelabs.github.io/185.199.108.153, googlechromelabs.github.io/185.199.109.153, googlechromelabs.github.io/185.199.110.153, googlechromelabs.github.io/185.199.111.153, googlechromelabs.github.io/2606:50c0:8000:0:0:0:0:153, googlechromelabs.github.io/2606:50c0:8001:0:0:0:0:153, googlechromelabs.github.io/2606:50c0:8002:0:0:0:0:153, googlechromelabs.github.io/2606:50c0:8003:0:0:0:0:153]
[DEBUG] googlechromelabs.github.io:443 connecting null->googlechromelabs.github.io/185.199.108.153:443 (30 SECONDS)
[DEBUG] Connecting socket to googlechromelabs.github.io/185.199.108.153:443 with timeout 30 SECONDS
[DEBUG] Enabled protocols: [TLSv1.3, TLSv1.2]
[DEBUG] Enabled cipher suites: [TLS_AES_256_GCM_SHA384, TLS_AES_128_GCM_SHA256, TLS_CHACHA20_POLY1305_SHA256, TLS_ECDHE_ECDSA_WITH_AES_256_GCM_SHA384, TLS_ECDHE_ECDSA_WITH_AES_128_GCM_SHA256, TLS_ECDHE_ECDSA_WITH_CHACHA20_POLY1305_SHA256, TLS_ECDHE_RSA_WITH_AES_256_GCM_SHA384, TLS_ECDHE_RSA_WITH_CHACHA20_POLY1305_SHA256, TLS_ECDHE_RSA_WITH_AES_128_GCM_SHA256, TLS_DHE_RSA_WITH_AES_256_GCM_SHA384, TLS_DHE_RSA_WITH_CHACHA20_POLY1305_SHA256, TLS_DHE_DSS_WITH_AES_256_GCM_SHA384, TLS_DHE_RSA_WITH_AES_128_GCM_SHA256, TLS_DHE_DSS_WITH_AES_128_GCM_SHA256, TLS_ECDHE_ECDSA_WITH_AES_256_CBC_SHA384, TLS_ECDHE_RSA_WITH_AES_256_CBC_SHA384, TLS_ECDHE_ECDSA_WITH_AES_128_CBC_SHA256, TLS_ECDHE_RSA_WITH_AES_128_CBC_SHA256, TLS_DHE_RSA_WITH_AES_256_CBC_SHA256, TLS_DHE_DSS_WITH_AES_256_CBC_SHA256, TLS_DHE_RSA_WITH_AES_128_CBC_SHA256, TLS_DHE_DSS_WITH_AES_128_CBC_SHA256, TLS_ECDHE_ECDSA_WITH_AES_256_CBC_SHA, TLS_ECDHE_RSA_WITH_AES_256_CBC_SHA, TLS_ECDHE_ECDSA_WITH_AES_128_CBC_SHA, TLS_ECDHE_RSA_WITH_AES_128_CBC_SHA, TLS_DHE_RSA_WITH_AES_256_CBC_SHA, TLS_DHE_DSS_WITH_AES_256_CBC_SHA, TLS_DHE_RSA_WITH_AES_128_CBC_SHA, TLS_DHE_DSS_WITH_AES_128_CBC_SHA, TLS_RSA_WITH_AES_256_GCM_SHA384, TLS_RSA_WITH_AES_128_GCM_SHA256, TLS_RSA_WITH_AES_256_CBC_SHA256, TLS_RSA_WITH_AES_128_CBC_SHA256, TLS_RSA_WITH_AES_256_CBC_SHA, TLS_RSA_WITH_AES_128_CBC_SHA, TLS_EMPTY_RENEGOTIATION_INFO_SCSV]
[DEBUG] Starting handshake (null)
[DEBUG] Secure session established
[DEBUG]  negotiated protocol: TLSv1.3
[DEBUG]  negotiated cipher suite: TLS_AES_128_GCM_SHA256
[DEBUG]  peer principal: CN=*.github.io, O="GitHub, Inc.", L=San Francisco, ST=California, C=US
[DEBUG]  peer alternative names: [*.github.io, github.io, *.github.com, github.com, www.github.com, *.githubusercontent.com, githubusercontent.com]
[DEBUG]  issuer principal: CN=DigiCert TLS RSA SHA256 2020 CA1, O=DigiCert Inc, C=US
[DEBUG] http-outgoing-1 set socket timeout to 3 MINUTES
[DEBUG] googlechromelabs.github.io:443 connected null->googlechromelabs.github.io/185.199.108.153:443 as http-outgoing-1
[DEBUG] ep-0000000002 connected http-outgoing-1
[DEBUG] ep-0000000002 endpoint connected
[DEBUG] ex-0000000002 executing GET /chrome-for-testing/known-good-versions-with-downloads.json HTTP/1.1
[DEBUG] ex-0000000002 Cookie spec selected: strict
[DEBUG] ep-0000000002 start execution ex-0000000002
[DEBUG] ep-0000000002 executing exchange ex-0000000002 over http-outgoing-1
[DEBUG] http-outgoing-1 >> GET /chrome-for-testing/known-good-versions-with-downloads.json HTTP/1.1
[DEBUG] http-outgoing-1 >> user-agent: Apache-HttpClient/5.0
[DEBUG] http-outgoing-1 >> accept-encoding: gzip, deflate, br
[DEBUG] http-outgoing-1 >> cache-control: max-age=0
[DEBUG] http-outgoing-1 >> connection: keep-alive
[DEBUG] http-outgoing-1 >> Host: googlechromelabs.github.io
[DEBUG] http-outgoing-1 >> "GET /chrome-for-testing/known-good-versions-with-downloads.json HTTP/1.1[\r][\n]"
[DEBUG] http-outgoing-1 >> "user-agent: Apache-HttpClient/5.0[\r][\n]"
[DEBUG] http-outgoing-1 >> "accept-encoding: gzip, deflate, br[\r][\n]"
[DEBUG] http-outgoing-1 >> "cache-control: max-age=0[\r][\n]"
[DEBUG] http-outgoing-1 >> "connection: keep-alive[\r][\n]"
[DEBUG] http-outgoing-1 >> "Host: googlechromelabs.github.io[\r][\n]"
[DEBUG] http-outgoing-1 >> "[\r][\n]"
[DEBUG] http-outgoing-1 << "HTTP/1.1 200 OK[\r][\n]"
[DEBUG] http-outgoing-1 << "Connection: keep-alive[\r][\n]"
[DEBUG] http-outgoing-1 << "Content-Length: 31299[\r][\n]"
[DEBUG] http-outgoing-1 << "Server: GitHub.com[\r][\n]"
[DEBUG] http-outgoing-1 << "Content-Type: application/json; charset=utf-8[\r][\n]"
[DEBUG] http-outgoing-1 << "permissions-policy: interest-cohort=()[\r][\n]"
[DEBUG] http-outgoing-1 << "x-origin-cache: HIT[\r][\n]"
[DEBUG] http-outgoing-1 << "Last-Modified: Sun, 10 Mar 2024 15:09:40 GMT[\r][\n]"
[DEBUG] http-outgoing-1 << "Access-Control-Allow-Origin: *[\r][\n]"
[DEBUG] http-outgoing-1 << "Strict-Transport-Security: max-age=31556952[\r][\n]"
[DEBUG] http-outgoing-1 << "ETag: W/"65edcd34-e7e5c"[\r][\n]"
[DEBUG] http-outgoing-1 << "expires: Sun, 10 Mar 2024 15:19:41 GMT[\r][\n]"
[DEBUG] http-outgoing-1 << "Cache-Control: max-age=600[\r][\n]"
[DEBUG] http-outgoing-1 << "Content-Encoding: gzip[\r][\n]"
[DEBUG] http-outgoing-1 << "x-proxy-cache: HIT[\r][\n]"
[DEBUG] http-outgoing-1 << "X-GitHub-Request-Id: 67E0:1188B5:2C8C89:3488E1:65EDCE11[\r][\n]"
[DEBUG] http-outgoing-1 << "Accept-Ranges: bytes[\r][\n]"
[DEBUG] http-outgoing-1 << "Date: Sun, 10 Mar 2024 16:05:22 GMT[\r][\n]"
[DEBUG] http-outgoing-1 << "Via: 1.1 varnish[\r][\n]"
[DEBUG] http-outgoing-1 << "Age: 40[\r][\n]"
[DEBUG] http-outgoing-1 << "X-Served-By: cache-hyd1100032-HYD[\r][\n]"
[DEBUG] http-outgoing-1 << "X-Cache: HIT[\r][\n]"
[DEBUG] http-outgoing-1 << "X-Cache-Hits: 1[\r][\n]"
[DEBUG] http-outgoing-1 << "X-Timer: S1710086723.558528,VS0,VE1[\r][\n]"
[DEBUG] http-outgoing-1 << "Vary: Accept-Encoding[\r][\n]"
[DEBUG] http-outgoing-1 << "X-Fastly-Request-ID: 92d79eb05ef425ca02090a1478433312a47b4d67[\r][\n]"
[DEBUG] http-outgoing-1 << "[\r][\n]"
[DEBUG] http-outgoing-1 << HTTP/1.1 200 OK
[DEBUG] http-outgoing-1 << Connection: keep-alive
[DEBUG] http-outgoing-1 << Content-Length: 31299
[DEBUG] http-outgoing-1 << Server: GitHub.com
[DEBUG] http-outgoing-1 << Content-Type: application/json; charset=utf-8
[DEBUG] http-outgoing-1 << permissions-policy: interest-cohort=()
[DEBUG] http-outgoing-1 << x-origin-cache: HIT
[DEBUG] http-outgoing-1 << Last-Modified: Sun, 10 Mar 2024 15:09:40 GMT
[DEBUG] http-outgoing-1 << Access-Control-Allow-Origin: *
[DEBUG] http-outgoing-1 << Strict-Transport-Security: max-age=31556952
[DEBUG] http-outgoing-1 << ETag: W/"65edcd34-e7e5c"
[DEBUG] http-outgoing-1 << expires: Sun, 10 Mar 2024 15:19:41 GMT
[DEBUG] http-outgoing-1 << Cache-Control: max-age=600
[DEBUG] http-outgoing-1 << Content-Encoding: gzip
[DEBUG] http-outgoing-1 << x-proxy-cache: HIT
[DEBUG] http-outgoing-1 << X-GitHub-Request-Id: 67E0:1188B5:2C8C89:3488E1:65EDCE11
[DEBUG] http-outgoing-1 << Accept-Ranges: bytes
[DEBUG] http-outgoing-1 << Date: Sun, 10 Mar 2024 16:05:22 GMT
[DEBUG] http-outgoing-1 << Via: 1.1 varnish
[DEBUG] http-outgoing-1 << Age: 40
[DEBUG] http-outgoing-1 << X-Served-By: cache-hyd1100032-HYD
[DEBUG] http-outgoing-1 << X-Cache: HIT
[DEBUG] http-outgoing-1 << X-Cache-Hits: 1
[DEBUG] http-outgoing-1 << X-Timer: S1710086723.558528,VS0,VE1
[DEBUG] http-outgoing-1 << Vary: Accept-Encoding
[DEBUG] http-outgoing-1 << X-Fastly-Request-ID: 92d79eb05ef425ca02090a1478433312a47b4d67
[DEBUG] ex-0000000002 connection can be kept alive for 3 MINUTES
[DEBUG] http-outgoing-1 << "[0x1f][0xffffff8b][0x8][0x0][0x0][0x0][0x0][0x0][0x0][0x3][0xffffffcd][0xffffffbd][0xffffffdd][0xffffff8e]$Kv^y?[0xffffff8f][0xffffffd1][0xffffffd7][0xffffffea][0xffffffc3]p3s[0xfffffffb][0xffffffe1]s[0xffffffcc][0xffffffd5][0xc]t[0xffffffd1]C[0xfffffff6][0xffffff90][\r]4[0xffffffd9]D7%[\r]F[0xffffffd0][0xffffffbb]OddVe[0x1e][0xffffffdb]_[0xffffffd4][0xffffff9c][0xfffffff0]j[0xffffffec][0xfffffff5][0x1][0x12][0x4]J[0xffffffcc]r[0x17][0xffffffb1][0xffffffb0][0xffffffb0][0xffffffda][0xffffffc3][0xfffffff6][0xffffffb6][0xffffffff][0xfffffff9][0xffffffbb][0xffffffff][0xfffffffc][0xffffffd3][0xffffffbf][0xfffffffd][0xfffffff1]o[0xffffffff][0xfffffff9][0xffffff87][0x7f][0xfffffffb][0xffffff8f][0xffffffdf][0xfffffffd][0xffffffe3][0xffffffef][0xffffffca][0xffffffad][0xffffffb4][0xffffffdf][0xffffffdf][0xffffffea][0xffffffef][0xffffff8f][0xffffffdb][0xffffffff]~[[0xffffffff]x[0xffffffff]_[0xffffffb5][0xfffffffd]r[0xffffffeb][0xffffffe7][0xffffffff][0xfffffff1][0xffffffbb][0xffffffff][0xfffffff2][0xffffffbb][0xffffffff][0xfffffffe][0xffffffc7][0xffffffbf][0xfffffffe][0xffffffed]O[0x7f][0xfffffff9][0xfffffff7][0xffffffbf][0xfffffffd][0xffffffee][0x1f][0xffffffff][0xffffffcf][0xffffffff][0xfffffff9][0xffffffed][0xffffffbf][0xffffffb8][0xffffffff][0xffffffc5]q[0xffffffd4]_n[0xffffffbf][0xffffff9c]}[0xffffff94]_n[0xfffffff7][0xffffffff][0xffffffae][0xffffffbf][0xfffffffe][0xfffffff1][0xffffffbf][0xffffffff][0xffffffe9][0xfffffffb][0xffffffff]K9[0xffffffda]y[0xffffffde][0xffffffff]/[0xffffffff][0xfffffff9]/[0xffffffff][0xffffffe3][0xffffffdf][0xffffffff][0xfffffffc][0xffffff97]?[0xfffffffc][0xfffffff3][0xfffffffd]o[0xffffffff][0xffffffe7][0xffffffef][0xfffffffe][0xffffffe9]_[0xffffffff][0xfffffffa][0xffffff97][0x7f][0xfffffffb][0xffffffe3][0xffffffe3]_[0xfffffff9][0xffffff8f]?[0xffffffff][0xffffffe1]?[0xffffffff][0xffffffef][0xffffffbf][0xfffffffc][0xfffffff5][0xffffffdf][0xffffffee][0xffffffff][0xffffffcd][0x7f][0xfffffffe][0xffffffd3][0xffffffbf][0xffffffff][0xffffffb7][0xffffffff][0xffffffa7][0xffffffb7][0xfffffffb][0x7f][0xfffffff3][0x7f][0xfffffffb][0xffffffeb][0xffffff9f][0xffffffef][0xffffffff][0xfffffff5][0xffffffbf][0xfffffffe][0xffffffe7][0x7f][0xfffffffe][0xffffffc7][0xffffffdf][0xfffffffe][0xfffffff1][0x1f][0xfffffffe][0xffffffe1]o[0xffffffff][0xfffffff9][0xffffff97][0xffffffbf][0xfffffffe][0xffffffe1]_[0xfffffffe][0xfffffff8][0xffffffcb][0xffffffbf][0xfffffffc][0xffffffe5]/[0xffffffff][0xfffffff2][0xffffffe7]?[0xfffffffe][0xffffffe1]?[0xfffffffe][0xfffffff4][0xffffffb7]_[0xfffffffe][0xffffffe9]/[0xffffffff][0xfffffff6][0xf][0xffffffef][0xffffffff][0xffffffc8][0xffffffef][0xffffffef][0x7f][0xfffffffc][0xfffffffb][0xffffffff][0xffffffbc][0xffffffbf][0xfffffffc][0xffffff9f][0xfffffffe][0xfffffffd]_~[0xffffffff][0x1f][0xffffffff][0xffffffed][0xffffffff][0xfffffffa][0xfffffff3][0xffffff9f][0xfffffffe][0xffffffe9][0x1f][0xffffffbe][0xffffffbe][0xffffffcf]?|[0xfffffffc][0xffffffab][0xffffffdf][0xfffffffe][0xffffffdb]?[0xfffffffe][0xffffffcb]_[0xfffffffe][0xffffffdf]?[0xfffffffd][0xffffffc7][0xffffffef][0xfffffffe][0xffffffd7][0x7f][0xfffffff9][0xffffffd5][0xfffffff3][0xffffffff][0xffffffed][0xf][0xffffffff][0xfffffff4][0xfffffffb]?[0xfffffffc][0xfffffff5][0xffffffdf][0xfffffffe][0xffffffee]o[0xfffffff0][0xfffffffd][0xffffffdf][0xfffffffd][0xfffffff6][0x7][0xffffffdf][0xffffffff]/[0xffffff9e][0xffffffbd][0xffffffc5][0xffffffdf][0xffffffff][0x7f][\n]"
[DEBUG] http-outgoing-1 << "[0x1f][0xffffffff][0xffffffea][0xffffffd7]7x[0xfffffff2]?[0xffffff85][0xffffffff][0xfffffff1][0xffffffa7][0x7f][0xffffffaf][0xffffffe5][0xffffffef][0xfffffffc][0xfffffff4][0xffffffc7][0xffffffbf][0xfffffff9][0xffffffed][0xffffffbf][0xfffffff9][0xfffffff1]_<y[0xfffffff2][0xffffffdf][0xfffffffd][0xffffffff][0xffffffdf][0xffffff8f][0x7f][0xfffffff3][0xffffffcb][0xffffff93][0xffffffbf][0xfffffffd][0xffffffff][0xfffffff9][0xffffffbf][0xfffffffe][0xffffffaf][0xffffffb7][0xffffff87]K[0xffffff84][0xffffffeb]i[0xffffffc6]p=q[0xffffff88][0xffffffef][0xffffffaf][0xffffffc0]S[0xfffffffc][0xfffffff1][0x12][0x14][0xffffffc6][0xfffffff7][0xffffffc7]S[0x1c][0xffffffbf]?[0xfffffffa]U[0xffffff90]{5[0x3][0xffffffb9]W[0x1c][0xffffffe4][0xfffffffb]+[0xfffffff0] [0x7f][0xffffffbc][0x4][0x5][0xfffffff2][0xfffffffd][0xfffffff1][0x14][0xffffffc8][0xffffffef][0xffffff8f][0xfffffffe][0xffffff8d] [0xffffffb7][0xffffffc7]_[0xffffffad].[0xffffffa2][0xffffffa2][0xffffff97][0xffffffbe][0xffffffd2]9[0xfffffffe]|[0x1f][\n]"
[DEBUG] http-outgoing-1 << "[0xffffffe3]/o[0xffffff80]Q[0xffffffbc][0xffffffbd]C2[0xffffffc4]_[0xffffff9e][0xffffff9e][0xffffffcc][0xfffffff0][0xffffffaf][0xffffff9f][0xfffffffc][\n]"
[DEBUG] http-outgoing-1 << "[0xffffffc2][0xffffffe3]6[0x5][0xffffffc2][0xffffffb3][0xffffff9e][0x7][0xffffff83][0xfffffff0][0xffffffe3]}P[0xffffff84][0xffffffdf][0xffffffdf][0xffffff80]E[0xfffffff8][0xfffffff3][0x1d][0x8][0xffffff84][0xffffffdf][0xffffff9f]N [0xfffffffc][0xfffffffd][0xffffffc9][0xffffffaf]![0xffffffbc][0x14][0xffffffc2]gk[0x14][0xffffffc2][0xb]Gx[0x19] [0xffffffbc]P[0xffffff84][0x17][0xffffff86][0xfffffff0][0xffffffba][0xffffff80][0xfffffff0]qS[0x8][0xffffffcf]:![0xffffff84][0xffffffdf][0xffffffde][0xffffff87]E[0xfffffff8][0xfffffff1][0x6]0[0xffffffc2][0xffffffdf][0xffffffdf][0x1]A[0xfffffff8][0xfffffff1]t[0x4][0xffffffe1]oO~[\r][0xffffffe1][0xffffffe3][0xffffff97][0xfffffff8][0xffffff9f][0xffffffe9][0xffffffd6][0xffffffd1]o[0x14][0xffffffc2][0xfffffff7][0xfffffff7][0xffffff81][0x11]~{[0x3][0x1a][0xffffffe1]o[0xffffffef][0xffffffc0] [0xfffffffc][0xfffffff6]t[0x6][0xffffffe1][0xffffff8f]'[0xffffffbf][0xffffff86]p[0x15][0x16]^[0xffffffa3]S![0xfffffff1][0xfffffff6]>0[0xffffffc2][0xffffffd5][0xffffffc0][0xffffffc2][0x15][0xffffffb5]p[0xffffffc5],\[0xffffffaf]X[0xfffffff8][0xffffff8c][0x8][0xffffffd7][[0xffffff9d][0xffffff95]B[0xfffffff8][0xffffffc4][0x11]>[\r][0x10]>Q[0xffffff84]O[0xc][0xffffffe1][0xfffffff3][\n]"
[DEBUG] http-outgoing-1 << "[0xffffffc2][0xffffffe2][0xffffff8b]D=[\n]"
[DEBUG] http-outgoing-1 << "[0xfffffff0]q[0xfffffff8][0xfffffff3]}`[0xffffff84][\r][0xffffffbe]H[0x1c][0xffffffe8][0x17][0xffffff89][0x3][0xfffffffb]"q\[0xfffffff9]"Qn[0xffffffbf][0xffffffb4][0xffffff88][0xfffffff0][0xffffffbc]u[0x8][0xffffffe1][0xffffffb7][0xfffffff7]a[0x11]~[0xffffffbc][0x1][0xffffff8c][0xfffffff0][0xfffffff7]w@[0x10]~<[0x1d]A[0xfffffff8][0xffffffdb][0xffffff93]_CX[0xffffff9c][0xffffff97][0xffffffa8][0xffffffa5]q[0x8][0xffffff83][0xffffffe7]%[0xffffffbe][0xffffffbc][0x1][0xffffff8d]0t^[0xffffffe2][0xffffffcb][0xffffffd3][0x19][0xffffff84]_;/[0xfffffff1][0xfffffff1]GM \o[0x7][0xfffffff5]E[0xffffffe2][0xffffffed]}`[0xffffff84][0xffffff9b][0x1][0xffffffc2][\r]E[0xffffffb8]a[0x8][0xffffffb7]+[0x8][0xffffffab][0x16]n[0xffffffe5][0xffffffa0]~[0xffffff9d]+x[0xb][0x17][0xffffff83][0x16].h[0xb][0x17][0xffffffac][0xffffff85][0xffffffcb][0xffffff95][0x16][0xffffffae]*$Z[[0x5]B[0xffffffb8][0xffffffe2]!Q[\r]B[0xffffffa2][0xffffffa2]!Q[0xffffffb1][0xffffff90][0xffffffa8]WB[0xffffffa2][0xffffff8a][0xffffffef][0xffffffc2][0xffffffb5][0xffffffcd]A}[0xffffff91][0xffffffa8][0xfffffff8]w[0xffffffe1]j[0xfffffff0]][0xffffffb8][0xffffffa2][0xffffffdf][0xffffff85]+[0xfffffff6]][0xffffffb8]^[0xfffffff9].\U[0xb][0xffffff9f][0xffffffc7][\r]C[0x18]o[0xffffffe1]j[0xffffffd0][0xffffffc2][0xffffffdf][0xffffffdf][0xffffff81]A[0x18]k[0xffffffe1]oO~[\r]a[0xfffffff5][0xffffffd3][0xffffffc6]y[0xe][0xffffffea]?[0xffffffce]U[0xfffffffc][0xffffffa7][0xffffff8d]j[0xfffffff0][0xffffffd3]FE[0x7f][0xffffffda][0xffffffa8][0xffffffd8]O[0x1b][0xfffffff5][0xffffffca]O[0x1b][0xfffffff7]?*f[0x8][0x17][0x1c][0xffffffe1]b[0xffffff80]pA[0x11].[0x18][0xffffffc2][0xffffffe5][\n]"
[DEBUG] http-outgoing-1 << "[0xffffffc2][0xffffffe1][0xffffff98][0xf][0xffffff8c]0|[0xffffffcc][0xffffffe7][0xfffffff1][0x6]<[0xffffffc2][0xffffffe0]1[0xffffff9f][0xffffffc7][0xffffffd3])[0xffffff84]_?[0xffffffe6]s[0xffffffff][0xffffffa3]n[0xffffff86]p[0xffffffc7][0x11][0xffffffee][0x6][0x8]w[0x14][0xffffffe1][0xffffff8e]![0xffffffdc][0xffffffaf] |[0xffffffb8]1|[0xfffffff0][0x10][0x1f][0xe][0x14][0x1f],[0xffffffc6][0x7][0xffffffc7][0xfffffff1]q[0x9][0xffffffe4][0xffffffe2][0x6]r[0xffffffe1]A.[0xe] [0x17][0x16][0xffffffe4][0xffffffc2][0xffffff81]\.[0xffffff81][0x1c][0xffffff87][0xfffffff3]a[0xffffff90][0xffffffb9][0xffffffe1][0xfffffffc][0xffffffaf][0xffffffaf][0xffffffc0][0xffffff83][0xffffffcc][0xc][0xffffffe7][0x7f]}<[0x5][0xfffffff2]K[0xffffffc3][0xfffffff9][0xffffffdf][0xffffffff][0xffffffaa][0xffffffb9][0xffffff81][0xffffffdc]x[0xffffff90][0xffffff9b][0x3][0xffffffc8][0xffffff8d][0x5][0xffffffb9]q [0xffffffb7]K /[0xffffffb7][0xf][0xffffffc6][0xffffff8b][0xffffffff]b|[0x7f][0x5][0x1e][0xffffffe4][0xffffff8f][0xffffff97][0xffffffa0]@^[0xffffffdc]G[0xffffffe3]u[0xffffffe9][0xffffffab][0xfffffff1]Q[0xffffffdd]>[0xffffffba][0xffffffdd][0xffffffdf][0x8]G[0xfffffff9][0xffffffed][0x1d]x[0xffffff96][0xffffffbf][0xffffffbd][0x5][0x5][0xfffffff3][0xffffffdb][0xfffffff3])[0xffffff9a]?[0xffffff9e][0xfffffffd][0x1b]q>[0xffffffdf][0xffffffff]L[0xffffff8c][0xffffffeb][0xffffffd7]q[0xffffffeb][0xfffffff9][0x7][0xffffff82]>[0xffffffdf][0xffffff87]B[0xfffffff9][0xffffffcb][0x1b]` o[0xffffffef][0xffffff90][0xffffff8c][0xfffffff1][0xffffff97][0xffffffa7]'C[0xfffffffc][0xffffffeb]'[0xffffffbf][0xffffff84]p[0x13][0xffffffe3][0xfffffffa]u[0xffffffd4][0xffffff99][0x7f],[0xfffffff3][0xfffffff3]}X[0xffffff84][0x1b]:[0xffffffae][0xffffffbf][0xffffffbd][0x3][0xffffff82]p[0x3][0xffffffc6][0xfffffff5][0x7f][0xfffffffd][0xffffffe4][0xffffffd7][0x10]>[0x14][0xffffffc2]g[0xffffffcb]O[0xffffff8a][0xffffffcf][0xfffffff7][0xffffff81][0x11]>[0xc][0x10]>P[0xffffff84][0xf][0xc][0xffffffe1][0xffffffe3][\n]"
[DEBUG] http-outgoing-1 << "[0xffffffc2][0xffffffea]d[0xfffffff1]8[0xffffffd7][0xffffffa0][0x10][0x6]O[0x16][0x7f]y[0x3][0x1a]a[0xffffffe8]d[0xfffffff1][0xffffff97][0xffffffa7]3[0x8][0xffffffbf]v[0xffffffb2][0xfffffff8][0xffffffe3][0xffffff8f][0xffffffd4][0xffffffc9][0xffffffe2][0xffffffd1][[0xfffffffe][0x2][0xffffffc1][0xffffffcf][0xfffffff7][0xffffff81][0x11]FO[0x16]o[0xffffffef][0xffffffc0] [0xc][0xffffff9c],[0xfffffffe][0xfffffff5][0xffffff93]_C[0xffffffb8]I[0xffffff84]W[0xfffffffe][0xffffffc6][0xffffff89][0xffffffcf][0xfffffff7][0xffffff81][0x11]n[0x6][0x8]7[0x14][0xffffffe1][0xffffff86]![0xffffffdc][0xffffffae] <[0x4][0xffffffc2][0xffffffb3][0x14],$[0x6][0xffffff8e][0xfffffff0]0@x[0xffffffa0][0x8][0xf][0xc][0xffffffe1]q[0x5]a[0xfffffff5]Qm[0xffffffce][0x13][0xffffffb3]0[0xfffffffe]Q[0xffffffad][0x19]|Tk[0xffffffe8]G[0xffffffb5][0xffffff86]}TkW>[0xffffffaa][0xffffff9d][0xffffffea][0xffffffa3][0xffffffda]*[0x7][0xffffff85][0xfffffff0][0xffffff89][0x7f]T;[\r]>[0xffffffaa][0xffffff9d][0xffffffe8]G[0xffffffb5][0x13][0xfffffffb][0xffffffa8]v^[0xfffffff9][0xffffffa8]v[0xffffffaa][0xffffff8f]j[0xffffffab][0x15][0xffffffea][0xffffffa3][0xffffffda][0xffffff89][0x7f]T;[\r]>[0xffffffaa][0xffffff9d][0xffffffe8]G[0xffffffb5][0x13][0xfffffffb][0xffffffa8]v^[0xfffffff9][0xffffffa8]v[0xffffffff][0xffffffa3]8[0xffffffa2][0xffffffc4]"[0xffffff8c][0xffffff8d](}y[0x3][0x1e]adD[0xffffffe9][0xffffffcb][0xffffffd3])[0xffffff84]_[0x19]Q[0xfffffffa][0xfffffff8][0xffffffa3][0xffffffa2][0x10][0xffffffbe]w5[0xffffff85]p[0xffffffc1][0x11]."
[DEBUG] http-outgoing-1 << "[0x6][0x8][0x17][0x14][0xffffffe1][0xffffff82]!\[0xffffffae] ,[0xffffffbe][0xb][0xffffffb7][0xffffffdb][0xffffffad][0xffffffe4]o_[0xfffffffb]|[0x1f][0x18]a[0xffffff83][0xffffffef][0xffffffc2]'[0xfffffffa]][0xfffffff8][0xffffffc4][0xffffffbe][0xb][0xffffff9f]W[0xffffffbe][0xb][0xffffff9f][0xffffffa7]B[0xfffffff8][0x4]6N|[0xffffffbe][0xf][0xffffff8c][0xfffffff0]i[0xffffff80][0xfffffff0][0xffffff89]"|b[0x8][0xffffff9f]W[0x10][0x16][0xffffffd7]{[0xffffffdd][0x11][0xffffffc6]N[0xffffffaa][0xffffff9d][0xffffffe0][0xfffffff5]^_[0xffffffde][0xffffff80]F[0x18][0xffffffba][0xffffffde][0xffffffeb][0xffffffcb][0xffffffd3][0x19][0xffffff84]_[0xffffffbb][0xffffffde][0xffffffeb][0xffffffe3][0xffffff8f][0xffffffc4]O[0x1b][0xffffffed][0xffffffd6]9[0xb][0xffffffe3]?m[0xffffff9c][0x6]?m[0xffffff9c][0xffffffe8]O[0x1b]'[0xfffffff6][0xffffffd3][0xffffffc6]y[0xffffffe5][0xffffffa7][0xffffff8d]S[0xffffffec][0xffffffc0][0xffffffbc]#[0xc]\,[0xfffffff3][0xfffffff9]>0[0xffffffc2][0xffffffe8][0xe][0xffffffcc][0xffffffed][0x1d][0x18][0xffffff84][0xffffff81][0x1d][0xffffff98][0xffffffbf]~[0xfffffff2]k[0x8][0xffffff8b]_[0xffffffe7][0xffffffda]m[0xc][0xffffffea][0xffffffbc][0xfffffff0][0xffffff89][0xffffffff]:w[0x1a][0xfffffffc]:w[0xffffffa2][0xffffffbf][0xffffffce][0xffffff9d][0xffffffd8][0xffffffaf]s[0xffffffe7][0xffffff95]_[0xffffffe7][0xffffffba][0xfffffff8]i[0xffffffa3]![0xffffffb7]r|[0xffffffbe][0xf][0xffffff8b]p7[0xfffffff8]i[0xffffffa3][0xffffffa3]?mt[0xffffffec][0xffffffa7][0xffffff8d]~[0xffffffe5][0xffffffa7][0xffffff8d].[0xffffffce][0xb][0xffffffb7][0xffffffa3]W[0xffffffea][0xffffffa3]Z[0xffffffc7][0xffffffcf][0xb]w[0xffffff83][0xfffffff3][0xffffffc2][0x1d]=/[0xffffffdc][0xffffffb1][0xfffffff3][0xffffffc2][0xfffffffd][0xffffffca]y[0xffffffe1][0xfffffffb][0x1f]53[0xffffff84][0xffffffb1][0xffffff8b]e[0xffffffbe][0xffffffbc][0x1][0xffffff8f]0r[0xffffffb1][0xffffffcc][0xffffff97][0xffffffa7]S[0x8][0xffffffbf]r[0xffffffb1][0xffffffcc][0xffffffc7][0x1f][0xffffffa9][0xffffff9f]6[0xffffff8e][0xffffffd5][0xffffffa9][0x16][0xffffffee][0xfffffff8]O[0x1b][0xffffffdd][0xffffffe0][0xffffffa7][0xffffff8d][0xffffff8e][0xfffffffe][0xffffffb4][0xffffffd1][0xffffffb1][0xffffff9f]6[0xfffffffa][0xf][0x7f][0xffffffda][0xfffffff8]/[0x1f][0x10][0xfffffffe][0xfffffff3]_[0xffffffff]t[0x7][0xffffff99]@[0xfffffff1][0xfffffffd][0xffffffc9][0xe]@~[0xffffffbc][0x9][0xffffff8e][0xffffffe5][0xffffff97][0xfffffff7][0xffffff80][0xffffffe0][0xfffffffc]x[0x3][0xc][0xffffffd1][0xffffffcf][0xffffffe7][0xffffffff][0xffffffff][0xffffffba][0xfffffff6][0x14][0xffffffae]-[0x1d][0xffffffb8]V[0xfffffffc][0xfffffff3]}`[0xffffffd7][0xffffff9e][0x6][0xffffffae]=[0x3][0xffffffd4][0xffffff99]8[0xffffff9f][0xffffff98]kO'[0xffffffd7]F[0x14][0x19][0xffffffd7]* [0x19][0xffffffd7]F,[0xfffffff3]][0xffffffbb][0xffffffc3][0xffffff99][0xffffffed][0xffffffda][0x1d][0xffffffd1][0x17]\[0xffffffab]~i[0xffffffab][0xffffffc7][0xffffffc4]\[0xffffff8b][0xffffffff][0xffffffd2][0xffffffd6][\r]~i[0xffffffeb][0xffffffe8]/m[0x1d][0xfffffffb][0xffffffa5][0xffffffad][0xffffffff][0xfffffff0][0xffffff97][0xffffffb6]l[0xffffffd7]F[0x14][0x19][0xffffffd7]* [0x19][0xffffffd7]F,[0xfffffff3]][0xffffffbb][0xffffffc3][0xffffff99][0xffffffed][0xffffffda][0x1d][0xffffffd1][0x17]\[0xffffffab]~[0x12][0xffffffae]g[0xffffffc5]~[0xffffff8c][0xffffffc0][0x7f][0x12][0xffffffee][0x6]?[0x9]w[0xfffffff4]'[0xffffffe1][0xffffff8e][0xfffffffd]$[0xffffffdc][0x7f][0xfffffff8][0xffffff93]p[0xffffffb6]k#[0xffffff8a][0xffffff8c]k[0x15][0xffffff90][0xffffff8c]k#[0xffffff96][0xfffffff9][0xffffffae][0xffffffdd][0xffffffe1][0xffffffcc]v[0xffffffed][0xffffff8e][0xffffffe8][0xb][0xffffffae]Ug[0x17]j?[0xffffffa9][0x15]%[0x1d]?[0xffffffbb][0xffffffd0][\r][0xffffffce].t[0xfffffff4][0xffffffec]B[0xffffffc7][0xffffffce].[0xfffffff4][0x1f][0xffffff9e]][0xffffffc8]vmD[0xffffff91]q[0xffffffad][0x2][0xffffff92]qm[0xffffffc4]2[0xffffffdf][0xffffffb5];[0xffffff9c][0xffffffd9][0xffffffae][0xffffffdd][0x11][0xfffffffd][0xffffffed][0xffffffae][0x1d]b[0x4][0xffffffbe][0xffffffd5]qP[0xffffff93]k[0x3][0x1f][0xffffff81][0x1f][0x6]#[0xfffffff0][0x3][0x1d][0xffffff81][0x1f][0xffffffd8][0x8][0xfffffffc][0xfffffff8][0xffffffe1][0x8]|[0xffffffb2]k[0x5][0xffffff8a][0xffffff88]k%[0xffffff90][0xffffff88]k[0x5][0xffffff96][0xffffffe9][0xffffffae][\r]p&[0xffffffbb]6 [0xfffffffa][0xffffff82]k[0xffffffd5][0xffffff81][0xffffffc6]z/e[0xffffffca][0xffffffb5][0xfffffff8][0xffffff81][0xffffffc6]ap[0xffffffa0]q[0xffffffa0][0x7][0x1a][0x7]v[0xffffffa0]q[0xfffffffc][0xfffffff0]@c[0xffffffb6]k#[0xffffff8a][0xffffff8c]k[0x15][0xffffff90][0xffffff8c]k#[0xffffff96][0xfffffff9][0xffffffae][0xffffffdd][0xffffffe1][0xffffffcc]v[0xffffffed][0xffffff8e][0xffffffe8][0xb][0xffffffae]U'o[0xffffffeb]<[0xffffffa8]c[0xffffff8b][0x3]?y;[0xc]N[0xffffffde][0xe][0xfffffff4][0xffffffe4][0xffffffed][0xffffffc0]N[0xffffffde][0xffffff8e][0x1f][0xffffff9e][0xffffffbc][0xffffffcd]vmD[0xffffff91]q[0xffffffad][0x2][0xffffff92]qm[0xffffffc4]2[0xffffffdf][0xffffffb5];[0xffffff9c][0xffffffd9][0xffffffae][0xffffffdd][0x11]}[0xffffffc1][0xffffffb5][0xffffffea]|m][0xffffffc0]]A[0xffffff9f][0xffffffef][0x3][0xffffffbb][0xffffffd6][0xffffffe0]|[0xffffffed][0xffffff88][0x7][0x19]3q[0xffffffc6][0xffffffce][0xffffffd7][0xffffff8e][0xfffffffd][0xfffffff0]"[0xffffffea]Z[0xffffff93][0xfffffff3][0xffffffb5][0x12]H[0xffffffc6][0xffffffb5][0x6][0xffffffe7]k[0x3][0xffffff9c][0xffffffd9][0xffffffae][0xffffffbd]~[0xffffffbe][0xfffffff6][0xfffffffe][0xffffffa7][0xffffffcd][0xffffffcc][0xffffffb5][0xfffffff0]8[0xffffffce][0xffffffe3][\r]x[0xffffffd7][0xffffff82][0xffffffe3]8[0xffffff8f][0xffffffa7]S[0xffffffae][0xfffffffd][0xffffffc1]8N[0xffffffbe]kw[0x14])[0xffffffd7]F )[0xffffffd7][0xffffffee]X[0x12][0xffffffae]m[0xffffffb0]k[0xffffffdb]U[0xffffffd7][0xffffffaa]eLma[0xffffffeb][0xffffffa1][0x7][0xffffffbe][0xffffff8c]i[0x18],c[0x1a][0xffffffe8]2[0xffffffa6][0xffffff81]-c[0x1a]?\[0xffffffc6][0xffffff94][0xffffffed][0xffffffda][0xffffff88]"[0xffffffe3]Z[0x5]$[0xffffffe3][0xffffffda][0xffffff88]e[0xffffffbe]kw8[0xffffffb3]][0xffffffbb]#[0xfffffffa][0xffffff82]k[0xffffffd5],[0xffffffc3]Y[0xffffffb0][0xffffffdb]$[0x6]>[0xffffffcb]0[0xc]f[0x19]F<4[0xffffff9e][0xffffff89]36[0xffffffcb]0[0xfffffff6][0xffffff83][0xffffffe2][0xffffffa8]kMf[0x19]$[0xffffff90][0xffffff8c]k[\r]f[0x19][0x2][0xffffff9c][0xffffffd9][0xffffffae][0xffffffbd]>[0xffffffcb]0[0xffffffd5]9[0xffffff84][0xffffffde][0xffffffb0]+[0x0]'~[0xe]a[0x1a][0xffffff9c]C[0xffffff98][0xfffffff1][0x7][0xffffffdf]D[0xffffff9c]'v[0xe]a[0xffffffee]?[0xfffffff2][0xffffff92][0xffffffae][0x15]("[0xffffffae][0xffffff95]@"[0xffffffae][0x15]X[0xffffffa6][0xffffffbb]6[0xffffffc0][0xffffff99][0xffffffec][0xffffffda][0xffffff80][0xffffffe8][0xb][0xffffffae]=[0xffffff95]kWi[0xffffff94]kO[0xffffffdc][0xffffffb5][0xffffffa7][0xffffff81]k[0xffffffcf][0x0]u&[0xffffffce]'[0xffffffe6][0xffffffda][0xffffffd3][0xffffffc9][0xffffffb5][0x11]E[0xffffffc6][0xffffffb5][\n]"
[DEBUG] http-outgoing-1 << "H[0xffffffc6][0xffffffb5][0x11][0xffffffcb]|[0xffffffd7][0xffffffee]pf[0xffffffbb]vG[0xfffffff4][0x5][0xffffffd7][0xffffffaa][0xffffffb9][0xffffffb1]q[0xffffffff][0x17])[0xffffffd7][0xffffffe2]sc[0xffffffd3]`nl[0xffffffc6][0x1][0xffffff9d]L[0xffffff9c][0xffffffb1][0xffffffb9][0xffffffb1][0xffffffb9][0xf][0xffffffe5][0xffffffa0][0xffffffae]5[0xffffff99][0x1b][0xffffff93]@2[0xffffffae]5[0xffffff98][0x1b][0xb]pf[0xffffffbb][0xfffffff6][0xfffffffa][0xffffffdc][0xffffffd8][0xffffffba][0xfffffffd]R[0xffffff83]k[0xffffffe7][0xfffffffd][0x7f]C[0xffffffae]}{[0x1f][0xffffffd6][0xffffffb5][0xffffff8f]7[0xffffff80]][0xfffffffb][0xfffffffd][0x1d][0x10][0xffffffd7]>[0xffffff9e][0xffffff8e][0xffffffb8][0xfffffff6][0xffffffdb][0xffffff93]-\+PD\+[0xffffff81]D\+[0xffffffb0]Lwm[0xffffff80]3[0xffffffd9][0xffffffb5][0x1][0xffffffd1][0xffffff97]\{[0xffffffb8][0xffffffc9][0xfffffff6][0xffffffe0]m{8[0xffffffe8][0xfffffff6]`}{p[0xffffffc2]=[0xffffffac][0xffffff8c][0x1b]x[0xffffffa4][0xffffff94]+[0xffffffa8][0xffffffa4][0xffffff9c][0x1b][0xffffffd8]$[0xffffffa4]{[0xffffffd0][0xffffffd6]=~B[0xffffffbb][0xffffff8f][0xffffffcf][0xffffffb4]N[0xffffffda]-[0xfffffff0]a[0xffffffdb][0xfffffff7]W[0xffffffe0][0xffffffb5][[0xffffffc0][0xffffffe3][0xffffffb6][0xffffffef][0xffffff8f][0xffffffa7][0xffffffb4][|[0xe][0xffffffdc]*[0x1e])[0xffffffed][\n]"
[DEBUG] http-outgoing-1 << "*)[0xffffffed][0x6]6[0x9][0xffffffed][0x16][0xfffffff4][0xffffffd0]m[0xffffffe4][0xfffffff4]%[0xffffffed][0xffffff9e][0xffffffdd]L[0xffffffbb]g[0xffffffc7][0xffffffb5]{[0x7f][0x5]^[0xffffffbb][0x1f]/Ai[0xfffffff7][0xfffffffe]xJ[0xffffffbb][0xffffffef][0xffffff8f]v[0xffffffd1]n[0xffffffe0][0xffffff91][0xffffffd2][0xffffffae][0xffffffa0][0xffffff92][0xffffffd2]n`[0xffffff93][0xffffffd0][0xffffffee]Fh[0xffffffbe]v7N_[0xffffffd2][0xffffffee]8[0xffffffcd][0xffffffb4];N\[0xffffffbb][0xfffffff7]W[0xffffffe0][0xffffffb5][0xfffffffb][0xfffffff1][0x12][0xffffff94]v[0xffffffef][0xffffff8f][0xffffffa7][0xffffffb4][0xfffffffb][0xfffffffe]h[0x17][0xffffffed][0x6][0x1e])[0xffffffed][\n]"
[DEBUG] http-outgoing-1 << "*)[0xffffffed][0x6]6[0x9][0xffffffed]n[0xffffff84][0xffffffe6]kw[0xffffffe3][0xfffffff4]%[0xffffffed][0xffffffae]xh[0xffffff81][0xffffffd5][0xffffffee][0xffffff82]O-[0xffffffbc][0xffffffbf][0x2][0xffffffaf][0xffffffdd][0xffffff8f][0xffffff97][0xffffffa0][0xffffffb4][0xffffffbb][0xffffffa0][0xffffff83][0xb][0xffffffdf][0x1f][0xffffffed][0xffffffa2][0xffffffdd][0xffffffc0]#[0xffffffa5]]A%[0xffffffa5][0xffffffdd][0xffffffc0]&[0xffffffa1][0xffffffdd][0xffffff85][0xffffff9e]^[0xffffff88][0xffffff9c][0xffffffbe][0xffffffa6][0xffffffdd][0xffffffe9][0xffffffa6][0xffffffdd][0xffffffc9]kw:hw[0xffffffb2][0xffffffda][0xffffff9d][0xffffff9c]v[0xffffffa7][0xffffff95]vw[0x1e]1[0xffffffed]F*1[0xffffffed][0xffffffee]l"[0xffffffda][0xffffff9d][0xffffffb4]v[0xffffffe7]u[0xffffffed][0x1e][0xffffffb7]b[0xffffffe6][0xffffffdd][0xfffffffb][0x1b][0xffffffe1][0xffffffe2]}{[0x7][0xffffffde][0xffffffbc][0xffffffdf][0xffffffde][0xffffff82]R[0xffffffef][0xffffffdb][0xfffffff3])[0xfffffff7]~<[0xffffffdb]E[0xffffffbe][0x11]J[0xffffffca][0xffffffbe][\n]"
[DEBUG] http-outgoing-1 << "MJ[0xffffffbf][0x11]P[0xffffffc2][0xffffffbf];[0xffffffa6][0xfffffff9][0x2][0xffffffde]a}[0xffffffcd][0xffffffc0][0xffffffc3][0xffffffed][0xffffff83][0xffffffc3][0xfffffffd][0xffffff8d]x[0x3][0xffffffdf][0xffffffdf][0xffffffc1][0xffffffc0][0xffffffc0][0x1f]o[0xffffff81][0x19]xp[0x1f][0x1d]>[0xffffff9e]mc[0xffffffe0][0x0]%f`[0xffffff81]&"
[DEBUG] http-outgoing-1 << "f[0xffffffe0][0x0](b[0xffffffe0]A[0x7f]y[0xffffffd8]a[0xfffffffd]-[0x6][0xffffffee][0xffffffef][0x7f][0xffffffac][0xffffffb6]/[0xffffffcc]Q[0xfffffff3][0xfffffffd][0xfffffffb][0xfffffff9]>[0xffffff94]}[0xffffffbf][0xffffffbc][0x1][0xffffffe6][0xffffffde][0xffffffed][0x1d][0xffffff92][0xffffffcd][0xfffffffb][0xffffffe5][0xffffffe9][0xffffffc9][0xffffffde][0xfffffffd][0xfffffff5][0xffffff93]a[0xffffffeb]>E1[0xffffffd9][0xffffffb9]?[0x0]2[0xffffffd9][0xffffffb8]O[0xffffffb1]L[0xfffffff4][0xffffffed][0x13]8[0xffffffd3]l[0xfffffffb][0x4][0xffffffd1][0x17]\[0xffffffab]6[0xffffff93][0xffffffaf][0xffffffda][0xb][0xffffffe5]Zp3[0xfffffff9][0xffffff97]7[0xffffffa0]][0xb]m&[0xffffffff][0xfffffff2]t[0xffffffc6][0xffffffb5][0x1e][0xffffff9b][0xffffffc9][0xffffff9f][0xffffffa2][0xffffffc8][0xffffffb8][0xffffffd6]`3[0xfffffff9]S,[0xfffffff3]][0xffffff8b]m&[0x7f][0xffffff82][0xffffffe8][0xb][0xffffffae]m[0xffffffca][0xffffffb5][0xfffffffd][0xffffffcc][0xffffffdf]L[0xfffffffe][0xfffffff9]>[0xffffffb0]k[0xffffff9b][0xffffff81]k[[0xffffff80]:[0x13][0xffffffe7][0xffffff86][0xffffffb9][0xffffffb6]9[0xffffffb9]6[0xffffffa2][0xffffffc8][0xffffffb8]V[0x1][0xffffffc9][0xffffffb8]6b[0xffffff99][0xffffffef][0xffffffda][0x1d][0xffffffce]l[0xffffffd7][0xffffffee][0xffffff88][0xffffffbe][0xffffffe0][0xffffffda]S[0xffffffb9]v[0x1d][0xffffff98]kO[0xffffffdc][0xffffffb5][0xffffffa7][0xffffff81]k[0xffffffcf][0x0]u&[0xffffffce]'[0xffffffe6][0xffffffda][0xffffffd3][0xffffffc9][0xffffffb5][0x11]E[0xffffffc6][0xffffffb5][\n]"
[DEBUG] http-outgoing-1 << "H[0xffffffc6][0xffffffb5][0x11][0xffffffcb]|[0xffffffd7][0xffffffee]pf[0xffffffbb]vG[0xfffffff4][0x5][0xffffffd7][0xfffffff6][0xffffffe8][0xffffffda][0xfffffff3]v[0xffffffeb][0xffffff98]k;[0xffffffee][0xffffffda]n[0xffffffe0][0xffffffda][0x1e][0xffffffa0][0xffffffce][0xffffffc4][0xffffffb9]c[0xffffffae][0xffffffed]N[0xffffffae][0xffffff8d](2[0xffffffae]U@2[0xffffffae][0xffffff8d]X[0xffffffe6][0xffffffbb]v[0xffffff87]3[0xffffffdb][0xffffffb5];[0xffffffa2]/[0xffffffb8]V[0xffffffdc][0x2]qw[0xffffffed][0xffffffc2][0xffffffbe][0xffffffd7][0xffffff82][0xffffffb7]@|y[0x3][0xffffffda][0xffffffb5][0xffffffd0]-[0x10]_[0xffffff9e][0xffffffce][0xffffffb8][0xffffffd6][0xffffffe3][0x16][0xffffff88][0xffffffa7](2[0xffffffae]5[0xffffffb8][0x5][0xffffffe2])[0xffffff96][0xfffffff9][0xffffffae][0xffffffc5]n[0xffffff81]x[0xffffff82][0xffffffe8][0xb][0xffffffae][0xffffff9d][0xffffffca][0xffffffb5][0xffffffc7][0xffffff91][0x7f][0xb][0xffffffc4][0xffffffe7][0xfffffffb][0xffffffc0][0xffffffae][0xffffff9d][0x6][0xffffffae][0xffffff9d][0x1][0xffffffea]L[0xffffff9c]'[0xffffffe6][0xffffffda][0xffffffe9][0xffffffe4][0xffffffda][0xffffff88]"[0xffffffe3]Z[0x5]$[0xffffffe3][0xffffffda][0xffffff88]e[0xffffffbe]kw8[0xffffffb3]][0xffffffbb]#[0xfffffffa][0xffffff82]k[0xffffffc5]f[0xfffffff2][0xffffffbb]k[0xffffff81][0xffffffdb][0xffffffcd]>[0xffffffdf][0x7]v-[0xffffffba][0xffffff99]|{[0x7][0xffffffc6][0xffffffb5][0xffffffc0]f[0xfffffff2]_?[0xffffffd9][0xffffffc3][0xffffffb5][0xfffffff8]f[0xfffffff2][0x1f][0x0][0xffffffc9][0xffffffb8][0x16][0xffffffdd]L[0xfffffffe][0x4][0xffffffce]l[0xffffffd7]^[0xffffffd9]L[0xfffffffe][0xfffffff8][0xffffffd3]y[0xffffffbb])[0xffffffd7][0xffffff96][\n]"
[DEBUG] http-outgoing-1 << "[0xffffffb9][0xfffffff6][0xfffffff1]>[0xffffffa8]k[0xffffffdf][0xffffffdf][0xffffff80]u[0xffffffed][0xffffffe7];[0x10][0xffffffae]}[0x7f]:[0xffffffe1][0xffffffda][0xffffffef]Ovp[0xffffffad]B[0xffffff91]p[0xffffffad][0x6][0xffffff92]p[0xffffffad][0xffffffc2]2[0xffffffdb][0xffffffb5][0x11][0xffffffce]\[0xffffffd7]FD_p[0xffffffad][0xffffff98]e8o[0xffffffb5]B[0xffffffdf][0x10][0x1e][0xffffffef][0x3][0xffffffbb][0xffffff96][0xffffff9f]e[0xfffffff8]|[0x7][0xffffffc6][0xffffffb5][0xffffffd4],[0xffffffc3][0xfffffff7]'{[0xffffffb8][0xffffffd6]c[0xffffff96]A[0x3][0xffffffc9][0xffffffb8][0xffffff96][0xffffff9f]e[0xffffff88]pf[0xffffffbb][0xfffffff6][0xfffffff2],[0xffffffc3][0xffffffbc][0x15][0xffffffe5][0xffffffda][0xffffffd6][0x7][0xffffffe5][0xffffffda][0xffffff82][0xffffffbb][0xffffffb6][0x18][0xffffffb8][0xffffffb6][0x4][0xffffffa8]3q.[0xffffff98]k[0xffffff8b][0xffffff93]k#[0xffffff8a][0xffffff8c]k[0x15][0xffffff90][0xffffff8c]k#[0xffffff96][0xfffffff9][0xffffffae][0xffffffdd][0xffffffe1][0xffffffcc]v[0xffffffed][0xffffff8e][0xffffffe8][0xb][0xffffffae][0xffffffad][0xffffffbf][0xffffff84]-5[0xffffffe7]m[0x15][0xffffffcc][0xffffffb5][0xfffffff7][0xfffffff7][0xffffff81]][0xfffffffb][0xfffffff6][0x6][0xffffffb4]k[0xffffffbf][0xffffffbd][0x3][0xffffffe3][0xffffffda][0xffffffb7][0xffffffa7]3[0xffffffae][0xfffffffd]x[0xffffffb2][0xffffff87]k#[0xffffff8a][0xffffff8c]k[0x15][0xffffff90][0xffffff8c]k#[0xffffff96][0xfffffff9][0xffffffae][0xffffffdd][0xffffffe1][0xffffffcc]v[0xffffffed][0xffffff8e][0xffffffe8][0xb][0xffffffae][0x15]sc[0xffffffe7]qT[0xffffffcc][0xffffffb5][0xfffffff4][0xffffffdc][0xffffffd8][0xfffffffb][0x1b][0xffffffd0][0xffffffae]%[0xffffffe7][0xffffffc6][0xffffffde][0xffffff9f][0xffffffce][0xffffffb8][0xffffffd6]hnL[0xffffffa1][0xffffffc8][0xffffffb8][0xffffffd6]enLa[0xffffff99][0xffffffef]Zvn,"[0xfffffffa][0xffffff82]k[0xffffffc5][0xffffffdc][0xffffffd8]y[0xffffffb4]sR[0xffffffae][0xffffffa5][0xffffffe7][0xffffffc6][0xffffffde][0xffffffdf][0xffffff80]v-97[0xfffffff6][0xfffffffe]t[0xffffffc6][0xffffffb5]Fsc[\n]"
[DEBUG] http-outgoing-1 << "E[0xffffffc6][0xffffffb5].sc[\n]"
[DEBUG] http-outgoing-1 << "[0xffffffcb]|[0xffffffd7][0xffffffb2]sc[0x11][0xffffffd1][0x17]\[0xffffffdb][0xffffff95]kG[0xffffffc3][0xffffffba][0xffffffb6][0xffffffe3][0xffffffae][0xffffffed][0x6][0xffffffae][0xffffffed][0x1][0xffffffea]L[0xffffff9c];[0xffffffe6][0xffffffda][0xffffffee][0xffffffe4][0xffffffda][0xffffff88]"[0xffffffe3]Z[0x5]$[0xffffffe3][0xffffffda][0xffffff88]e[0xffffffbe]kw8[0xffffffb3]][0xffffffbb]#[0xfffffffa][0xffffff82]k[0xffffffd5][0xffffffdc]X9[0x6][0xffffffe6]Zzn[0xffffffec][0xfffffffd][\r]h[0xffffffd7][0xffffff92]sc[0xffffffef]Og\k47[0xffffffa6]Pd\[0xffffffeb]27[0xffffffa6][0xffffffb0][0xffffffcc]w-;7[0x16][0x11]}[0xffffffc1][0xffffffb5]jn[0xffffffac][0xffffffb4][0x1b][0xfffffff6][\r][0xffffff81][0xffffff9e][0x1b]{[0x7f][0x3][0xffffffda][0xffffffb5][0xffffffe4][0xffffffdc][0xffffffd8][0xfffffffb][0xffffffd3][0x19][0xffffffd7][0x1a][0xffffffcd][0xffffff8d])[0x14][0x19][0xffffffd7][0xffffffba][0xffffffcc][0xffffff8d]),[0xfffffff3]][0xffffffcb][0xffffffce][0xffffff8d]ED_rm<[0xffffff87][0xffffffc0][0xffffffba][0xffffff96]>[0xffffff87]0[\r][0xffffffce]![0xffffffcc][0xfffffff0][0xffffff83]o.[0xffffffce][0xffffffd4]9[0xffffff84][0xffffffe9]t[0xe]![0xffffffa2]H[0xffffffb9][0xffffffd6][0xffffffe5][0x1c]B[0xffffffc4][0xffffff92]p-{[0xe]aG[0xfffffff4][0x5][0xffffffd7][0xffffffaa][0x19][0xffffffdd]2[0x6]6[0xffffffcb]@[0xffffffcf][0xffffffe8][0xffffffbe][0xffffffbf][0x1][0xffffffed]ZrF[0xfffffff7][0xfffffffd][0xffffffe9][0xffffff8c]k[0xffffff8d]ft[0x15][0xffffff8a][0xffffff8c]k]ft[0x15][0xffffff96][0xfffffff9][0xffffffae]egt#[0xffffffa2]/[0xffffffb9]Vt-[0xffffffea]Z[0xffffffba]k[0xffffff97]A[0xffffffd7][0xffffffae][0x10][0x10][0xffffffb9]8S][0xffffffbb][0xffffff9c][0xffffffba]6[0xffffffa2]H[0xffffffb9][0xffffffd6][0xffffffa5]k#[0xffffff96][0xffffff84]k[0xffffffd9][0xffffffae][0xffffffdd][0x11][0xfffffffd][0xffffffed][0xffffffae]=[0xffffffd4]>[0xffffff84][0xffffffb2][0xffffff8e][0x3]r[0xffffffed][0xffffff81][0xffffffef]C8[0xc][0xfffffff6]![0x1c]q[0xfffffff0]<[0x11][0xffffffe7][0x3][0xffffffdb][0xffffff87]p[0xffffffec][0xffffffc3][0xffffffe6][0xffffffa4]k[0x5][0xffffff8a][0xffffff88]k%[0xffffff90][0xffffff88]k[0x5][0xffffff96][0xffffffe9][0xffffffae][\r]p&[0xffffffbb]6 [0xfffffffa][0xffffff82]k[0xffffffd5][0xffffff8c]nY[0xffffffb3]P[0xffffffae][0xffffffc5]gt[0xf][0xffffff83][0x19][0xffffffdd]#[0xe]Cf[0xffffffe2][0xffffff8c][0xffffffcd][0xffffffe8][0x1e][0xfffffffb][0x0]$[0xffffffea]Z[0xffffff93][0x19]][0x9]$[0xffffffe3]Z[0xffffff83][0x19][0xffffffdd][0x0]g[0xffffffb6]k[0xffffffaf][0xffffffcf][0xffffffe8][0x1e]j[0xffffff96][0xffffffa1][0xffffff9e][0xffffffb7][0xffffff93]r->[0xffffffcb]p[0x18][0xffffffcc]2[0x1c][0xfffffff1][0xffffffd0]x&[0xffffffce][0xffffffd8],[0xffffffc3][0xffffffb1][0x1f][0x14]G]k2[0xffffffcb] [0xffffff81]d\k0[0xffffffcb][0x10][0xffffffe0][0xffffffcc]v[0xffffffed][0xfffffff5]Y[0xffffff86][0xffffffb7][0xffffffff]#[0xffffffba]vL[0xffffffec][0x1b]B[0xffffffc7]][0xffffffdb][\r]\[0xffffffdb][0x3][0xffffffd4][0xffffff99]8w[0xffffffcc][0xffffffb5][0xffffffdd][0xffffffc9][0xffffffb5][0x11]E[0xffffffc6][0xffffffb5][\n]"
[DEBUG] http-outgoing-1 << "H[0xffffffc6][0xffffffb5][0x11][0xffffffcb]|[0xffffffd7][0xffffffee]pf[0xffffffbb]vG[0xfffffff4][0x5][0xffffffd7][0xffffffaa]Y[0xffffff86]v4[0xffffffec][0x1b][0x2]>[0xffffffcb]p[0x18][0xffffffcc]2[0x1c][0xfffffff1][0xffffffd0]x&[0xffffffce][0xffffffd8],[0xffffffc3][0xffffffb1][0x1f][0x14]G]k2[0xffffffcb] [0xffffff81]d\k0[0xffffffcb][0x10][0xffffffe0][0xffffffcc]v[0xffffffed][0xfffffff5]Y[0xffffff86]C[0xffffffcd]2[0xffffffb4][0xffffffda][0xffffffb0][0xffffffae][0xffffffc5]g[0x19][0xe][0xffffff83]Y[0xffffff86]#[0x1e][0x1a][0xffffffcf][0xffffffc4][0x19][0xffffff9b]e8[0xfffffff6][0xffffff83][0xffffffe2][0xffffffa8]kMf[0x19]$[0xffffff90][0xffffff8c]k[\r]f[0x19][0x2][0xffffff9c][0xffffffd9][0xffffffae][0xffffffbd]>[0xffffffcb]P[0xffffffd4][0xfffffff7][0xffffffda]s5[0xffffffe8][0x1e][0xffffffdd][0xffffffc7][0xfffffffb][0xffffffb0][0xffffffae]-[0x6][0xffffffdf]kK[0xfffffffc]0[0xffffff96][0xffffff88]s[0xffffffc1][0xffffffbe][0xffffffd7][0xffffff96][0xfffffffd]c[0x18][0xffffffe9]Z[0xffffff81]"[0xffffffe2]Z[0x9]$[0xffffffe2]Z[0xffffff81]e[0xffffffba]k[0x3][0xffffff9c][0xffffffc9][0xffffffae][\r][0xffffff88][0xffffffbe][0xffffffe0]Z[0xfffffff5][\r][0xffffffa1][0xffffffdf][0xffffffa8][0xffffffbb][0x1d][0x1f][0xffffffef][0x3][0xffffffbb][0xffffffd6][0xffffffe0][0x1b]B[0xffffff89][0xffffffff]a-[0x13]g[0xffffffec][0x1b]B[0xffffffd9][0xffffffff][0x3][0x1a][0xffffffea]Z[0xffffff93]o[0x8][0x12]H[0xffffffc6][0xffffffb5][0x6][0xffffffdf][0x10][0x2][0xffffff9c][0xffffffd9][0xffffffae][0xffffffbd][0xfffffffe][\r][0xffffffa1][0xffffffa8]o[0x8][0xfffffffd][0xffffffc0][0xffffffee][0x1b]+[0xfffffff8]7[0xffffff84]b[0xfffffff0][\r][0xffffffa1][0xffffffc4][0xffffffff][0xffffffb0][0xffffff96][0xffffff89]3[0xfffffff6][\r][0xffffffa1][0xffffffec][0xffffffff][0x1][\r]u[0xffffffad][0xffffffc9]7[0x4][0x9]$[0xffffffe3]Z[0xffffff83]o[0x8][0x1][0xffffffce]l[0xffffffd7][0xfffffffe][0xffffffc4]7[0x4]5[0xffffffa3][0xffffffdb][0xffffffdb]h[0xffffff94]k[0xfffffff1][0x19][0xffffffdd]b0"
[DEBUG] http-outgoing-1 << "[0xffffffa3][[0xffffffe2]0d&[0xffffffce][0xffffffd8][0xffffff8c]n[0xffffffd9][0x7] Q[0xffffffd7][0xffffff9a][0xffffffcc][0xffffffe8]J [0x19][0xffffffd7][0x1a][0xffffffcc][0xffffffe8][0x6]8[0xffffffb3]]{}F[0xffffffb7][0xffffffaa]Y[0xffffff86][0xffffffd1]N[0xffffffca][0xffffffb5][0x15][0xffffff9f]e[0xffffffa8][0x6][0xffffffb3][0xc]5[0x1e][0x1a]O[0xffffffc4][0xffffffb9]b[0xffffffb3][0xc]u?(N[0xffffffba]V[0xffffffa0][0xffffff88][0xffffffb8]V[0x2][0xffffff89][0xffffffb8]V`[0xffffff99][0xffffffee][0xffffffda][0x0]g[0xffffffb2]k[0x3][0xffffffa2]/[0xffffffb8]V[0xfffffffd]66[0xffffffdb][0xffffffa0][0xffffffbe]!T[0xfffffffc][0xffffffb7][0xffffffb1]j[0xfffffff0][0xffffffdb]X[0xffffff8d]?Bd[0xffffffe2][0xffffff8c][0xfffffffd]6V[0xfffffff7][0x1f][0x1e]P[0xffffffd7][0xffffff9a][0xfffffffc]6&[0xffffff81]d\k[0xfffffff0][0xffffffdb]X[0xffffff80]3[0xffffffdb][0xffffffb5][0xffffffd7][0x7f][0x1b][0xffffffab][0xffffffea][0x1b][0xffffffc2][0xffffffaa][0xffffff95][0xffffffda][0xffffffa9]X[0xfffffff1]o[0x8][0xffffffd5][0xffffffe0][0x1b]B[0xffffff8d][0xffffffff]a-[0x13]g[0xffffffec][0x1b]B[0xffffffdd][0xffffffff][0x3][0x1a][0xffffffea]Z[0xffffff93]o[0x8][0x12]H[0xffffffc6][0xffffffb5][0x6][0xffffffdf][0x10][0x2][0xffffff9c][0xffffffd9][0xffffffae][0xffffffbd][0xfffffffe][\r][0xffffffa1][0xffffffa9][0xffffffdd]3[0xffffffab]bsc[\r][0xffffffdf]=[0xffffffd3][0xc]v[0xffffffcf][0xffffffb4][0xffffffb8][0xffffffe4]#[0x11][0xffffffe7][0xffffff86][0xffffffed][0xffffff9e]i[0xfffffffb]b[0xf][0xffffffd2][0xffffffb5][0x2]E[0xffffffc4][0xffffffb5][0x12]H[0xffffffc4][0xffffffb5][0x2][0xffffffcb]t[0xffffffd7][0x6]8[0xffffff93]][0x1b][0x10]}[0xffffffc1][0xffffffb5][0xffffff87]rm;[0xffffffa8];p[0xffffffde][0xffffffde][0x7]v[0xffffffed]a[0xffffffe0][0xffffffda]#@[0xffffff9d][0xffffff89][0xfffffff3][0xffffff81][0xffffffb9][0xfffffff6]prmD[0xffffff91]q[0xffffffad][0x2][0xffffff92]qm[0xffffffc4]2[0xffffffdf][0xffffffb5];[0xffffff9c][0xffffffd9][0xffffffae][0xffffffdd][0x11]}[0xffffffc1][0xffffffb5][0xffffffea][0xffffffb7][0xffffffb1]uV[0xffffffea]|m[0xffffffc3][0x7f][0x1b]k[0x6][0xffffffbf][0xffffff8d][0xffffffb5][0xfffffff8]#D&[0xffffffce][0xffffffd8]ocm[0xffffffff][0xffffffe1][0x1]u[0xffffffad][0xffffffc9]oc[0x12]H[0xffffffc6][0xffffffb5][0x6][0xffffffbf][0xffffff8d][0x5]8[0xffffffb3]]{[0xfffffffd][0xffffffb7][0xffffffb1]V[0xffffff95]k[0x7][0xffffffb6][0xf][0xffffffe1][0xffffffed]}`[0xffffffd7]V[0x3][0xffffffd7][0xffffffd6][0x0]u&[0xffffffce][0x15]smurmD[0xffffff91]q[0xffffffad][0x2][0xffffff92]qm[0xffffffc4]2[0xffffffdf][0xffffffb5];[0xffffff9c][0xffffffd9][0xffffffae][0xffffffdd][0x11]}[0xffffffc1][0xffffffb5]M[0xffffffb9]v5[0xffffffac]k[0x1b][0xffffffee][0xffffffda]f[0xffffffe0][0xffffffda][0x16][0xffffffa0][0xffffffce][0xffffffc4][0xffffffb9]a[0xffffffae]mN[0xffffffae][0xffffff8d](2[0xffffffae]U@2[0xffffffae][0xffffff8d]X[0xffffffe6][0xffffffbb]v[0xffffff87]3[0xffffffdb][0xffffffb5];[0xffffffa2]/[0xffffffb8]V[0xffffff9c][0xfffffff9][0xffffffea][0xffffffb7]Z[0xffffffb0][0xffffffdf][0xffffffc6][0xfffffff0]3_[0xffffffcd][0xffffffe0][0xffffffcc]W[0xffffff8b][0xffffff87]k2q[0xffffffc6][0xffffffce]|[0xffffffb5][0xfffffffd]@[\r][0xffffffea]Z[0xffffff93]3_[0x12]H[0xffffffc6][0xffffffb5][0x6]g[0xffffffbe][0x2][0xffffff9c][0xffffffd9][0xffffffae][0xffffffbd]~[0xffffffe6][0xffffffeb][0xfffffffe][0xffffffa7][0xffffffc5][0xffffffcc][0xffffffb5][0xfffffff0]}c[0xffffff8f]7[0xffffffe0]][0xb][0xffffffde]7[0xfffffff6]x:[0xffffffe5]Z[0xffffff9f][0xfffffffb][0xffffffc6][0x4][0xffffff8a][0xffffff94]kM[0xffffffee][0x1b][0x13]X[0x12][0xffffffae]E[0xffffffef][0x1b][0xb][0xffffff88][0xffffffbe][0xffffffe4][0xffffffda]j[0xffffffe6][0xffffffda][0xffffff8a][0xffffffbb][0xffffffb6][0x1a][0xffffffb8][0xffffffb6][0xffffffa2][0xffffffae][0xffffffad][0xffffff98]k[0xffffffab][0xffffff93]kw[0x14])[0xffffffd7]F )[0xffffffd7][0xffffffee]X[0x12][0xffffffae][0xffffffad][0xffffffb0]k[0xffffffeb]u[0xffffffd7]63[0xffffffd7]6[0xffffffdc][0xffffffb5][0xffffffcd][0xffffffc0][0xffffffb5][\r]um[0xffffffc3]\[0xffffffdb][0xffffff9c]\[0xffffffbb][0xffffffa3]H[0xffffffb9]6[0x2]I[0xffffffb9]v[0xffffffc7][0xffffff92]pm[0xffffff83]][0xffffffdb][0xffffffae][0xffffffbb][0xfffffff6]p[0xffffff93][0xffffffed][0xffffffc1][0xffffffdb][0xfffffff6]p[0xffffffd0][0xffffffed][0xffffffc1][0xfffffffa][0xfffffff6][0xffffffe0][0xffffff84]{X[0x19]7[0xfffffff0]H)WPI97[0xffffffb0]IH[0xfffffff7][0xffffffa0][0xffffffad]{[0xfffffffc][0xffffff84]v[0xffffffab][0xffffffdb][0xffffffb7][0xffffffdb][0xffffffca][0x7f][0xffffffbc][0xffffffad][0xe]_o+[0xfffffffb][0xfffffff9][0xffffffb6]r[0xffffffdf]o[0xffffffab][0xffffffd5][0x7][0xffffffdc][0xffffffc0]#[0xffffffa5]]A%[0xffffffa5][0xffffffdd][0xffffffc0]&[0xffffffa1][0xffffffdd]J[0x7f][0xffffffc4][0xffffffad]?[0xfffffff1][0x15][0xffffffb7][0xffffffb9]i[0xffffffb7][0xfffffff1][0xffffffda]m[0xe][0xffffffda]m[0xffffffac]v[0x1b][0xffffffa7][0xffffffdd]f[0xffffffa5][0xffffffdd][0xffffffc0]#[0xffffffa5]]A%[0xffffffa5][0xffffffdd][0xffffffc0]&[0xffffffa1][0xffffffdd]Fk[0xffffffb7][0xfffffffd][0xffffff8c]v[0xffffff97][0xffffff9b]v[0x17][0xffffffaf][0xffffffdd][0xffffffe5][0xffffffa0][0xffffffdd][0xffffffc5]jwq[0xffffffda]]V[0xffffffda][0xffffffdd]y[0xffffffc4][0xffffffb4][0x1b][0xffffffa9][0xffffffc4][0xffffffb4][0xffffffbb][0xffffffb3][0xffffff89]hw[0xffffffd1][0xffffffda]][0xffffffd7][0xffffffb5][0xffffffdb][0xffffffdd]j[0xffffffb7][0xfffffff3][0xffffffb5][0xffffffdb][0x1d]j[0xffffffb7][0xffffffb3][0xffffffb5][0xffffffdb][0xffffffb9][0xffffffda][0xffffffed]V[0xffffffb5][0x1b]x[0xffffffa4][0xffffffb4]+[0xffffffa8][0xffffffa4][0xffffffb4][0x1b][0xffffffd8]$[0xffffffb4][0xffffffdb][0xffffffe9][0xffffffda][0xffffffed]?Q[0xffffffbb][0xffffffd3]M[0xffffffbb][0xffffff93][0xffffffd7][0xffffffee]t[0xffffffd0][0xffffffee]d[0xffffffb5];9[0xffffffed]N+[0xffffffed][0x6][0x1e])[0xffffffed][\n]"
[DEBUG] http-outgoing-1 << "*)[0xffffffed][0x6]6[0x9][0xffffffed]NZ[0xffffffbb][0xfffffff3]'[0xffffffb4][0xffffffbb][0xffffffba][0xffffff99]vW[0xffffffc7][0xffffffb5]{[0x7f][0x5]^[0xffffffbb][0x1f]/Ai[0xfffffff7][0xfffffffe]xJ[0xffffffbb][0xffffffef][0xffffff8f]v[0xffffffd1]n[0xffffffe0][0xffffff91][0xffffffd2][0xffffffae][0xffffffa0][0xffffff92][0xffffffd2]n`[0xffffff93][0xffffffd0][0xffffffee]Fh[0xffffffbe]v7N[0x7f][0xffffff8b]v[0xffffffc7][0xfffffffb][0xffffffdf]v5[0xfffffff0][0xffffffbb]JK[0xffffffb7][0xffffffee][0xffffffe7][0xfffffffb]P[0xffffffd2][0xfffffffd][0xfffffff2][0x6][0xffffff98]s[0xffffffb7]wHV[0xffffffee][0xffffff97][0xffffffa7]'[0x1b][0xfffffff7][0xffffffd7]O[0xffffff86][0xffffff85][0xfffffffb][0x14][0xffffffc5]d[0xffffffdf][0xfffffffe][0x0][0xffffffc8]d[0xffffffdd]>[0xffffffc5]2[0xffffffd1][0xffffffb6]O[0xffffffe0]L[0xffffff93][0xffffffed][0x13]D_p[0xffffffad][0xffffffb8][0x0][0xffffffbd][0x1f][0x7][0xffffffb0][0xffffffa0][0xfffffff1][0xfffffff3]}`[0xffffffd7][0xffffffa2][0x17][0xffffffa0]o[0xffffffef][0xffffffc0][0xffffffb8][0x16][0xffffffb8][0x0][0xfffffffd][0xffffffd7]O[0xfffffff6]p-~[0x1][0xfffffffa][0xf][0xffffff80]d\[0xffffff8b]^[0xffffff80][0xfffffffe][0x4][0xffffffce]l[0xffffffd7][0xffffffee][0xffffff88][0xffffffbe][0xffffffe0][0xffffffda])[0xffffff96]+[0x1c][0xffffffad][0xffffffe4]_[0xffffffa8][0xfffffff3][0xfffffff9]>[0xffffffb0]k'[0xffffffb9]\a{[0x7][0xffffffc6][0xffffffb5]3[0x7f][0xffffffb9][0xffffffc2][0xffffffaf][0xffffff9f][0xffffffec][0xffffffe1][0xffffffda][0xffffff88]"[0xffffffe3]Z[0x5]$[0xffffffe3][0xffffffda][0xffffff88]e[0xffffffbe]kw8[0xffffffb3]][0xffffffbb]#[0xfffffffa][0xffffff82]k[0xffffff97]rm[0x1f][0xfffffff9][0xffffff97]<|[0xffffffbe][0xf][0xffffffec][0xffffffda]e[0xffffffe0][0xffffffda][0x15][0xffffffa0][0xffffffce][0xffffffc4]ya[0xffffffae]]N[0xffffffae][0xffffff8d](2[0xffffffae]U@2[0xffffffae][0xffffff8d]X[0xffffffe6][0xffffffbb]v[0xffffff87]3[0xffffffdb][0xffffffb5];[0xffffffa2][0xffffffbf][0xffffffdd][0xffffffb5][0xffffffa7][0xffffffb8]P[0xffffffa7][0xffffff97][0xffffffdb][0xffffffca][0xffffffff][0xffffff95][0xffffffec][0xfffffff3]}X[0xffffffd7][0xffffff9e][0xffffffe8][0xffffff85]:[0xffffffdb]; [0xffffffae]=[0xffffff81][0xb]u~[0xfffffffd]d[0xb][0xffffffd7][\n]"
[DEBUG] http-outgoing-1 << "[0x14][0x11][0xffffffd7]J [0x11][0xffffffd7][\n]"
[DEBUG] http-outgoing-1 << ",[0xffffffd3]][0x1b][0xffffffe0]Lvm@[0xfffffff4][0x5][0xffffffd7][0xffffff8a]K[0x1e]z9:[0xfffffff5][0xffffffbd][0xfffffff6][0x4]/y[0xfffffff8][0xfffffff2][0x6][0xffffffb4]k[0xffffffa1]K[0x1e][0xffffffbe]<[0xffffff9d]q[0xffffffad][0xffffffc7]%[0xf]OQd\kp[0xffffffc9][0xffffffc3]S,[0xfffffff3]][0xffffff8b]][0xfffffff2][0xfffffff0][0x4][0xffffffd1][0x17]\+.y[0xffffffe8][0xffffffa5][0xffffffdc]*[0xffffffe5]Z[0xfffffff0][0xffffff92][0xffffff87]/o@[0xffffffbb][0x16][0xffffffba][0xffffffe4][0xffffffe1][0xffffffcb][0xffffffd3][0x19][0xffffffd7]z\[0xfffffff2][0xfffffff0][0x14]E[0xffffffc6][0xffffffb5][0x6][0xffffff97]<<[0xffffffc5]2[0xffffffdf][0xffffffb5][0xffffffd8]%[0xf]O[0x10]}[0xffffffc1][0xffffffb5][0xffffffea][0xffffff92][0xffffff87]RoX[0xffffffd7][0xffffff82][0xffffff97]<|y[0x3][0xffffffda][0xffffffb5][0xffffffd0]%[0xf]_[0xffffff9e][0xffffffce][0xffffffb8][0xffffffd6][0xffffffe3][0xffffff92][0xffffff87][0xffffffa7](2[0xffffffae]5[0xffffffb8][0xffffffe4][0xffffffe1])[0xffffff96][0xfffffff9][0xffffffae][0xffffffc5].yx[0xffffff82][0xffffffe8][0xb][0xffffffae][0x1d][0xffffffca][0xffffffb5][0xffffffb3][0xffffff9f][0xffffff94]k[0x7][0xffffffee][0xffffffda]a[0xffffffe0][0xffffffda][0x11][0xffffffa0][0xffffffce][0xffffffc4]y`[0xffffffae][0x1d]N[0xffffffae][0xffffff8d](2[0xffffffae]U@2[0xffffffae][0xffffff8d]X[0xffffffe6][0xffffffbb]v[0xffffff87]3[0xffffffdb][0xffffffb5];[0xffffffa2]/[0xffffffb9]6[0xffffff9e]C`][0xb][0xffffff9f]Cx[0xffffffbc][0x1][0xffffffef]Z[0xfffffff0][0x1c][0xffffffc2][0xffffffe3][0xffffffe9][0xffffff94]k}[0xffffffce]![0x8][0x14])[0xffffffd7][0xffffff9a][0xffffff9c]C[0x10]X[0x12][0xffffffae]E[0xffffffcf]![0x4]D_p[0xffffffed][0x14]][[0xffffffcb][0xffffffc0][0xffffffbe][0xffffffd7]N[0xffffffbc]k[0xffffffa7]A[0xffffffd7][0xffffffce][0x10][0x10][0xffffff99]8O[0xffffffac]k[0xffffffa7]S[0xffffffd7]F[0x14][0x19][0xffffffd7]* [0x19][0xffffffd7]F,[0xfffffff3]][0xffffffbb][0xffffffc3][0xffffff99][0xffffffed][0xffffffda][0x1d][0xffffffd1][0x17]\[0xffffffbb][0xffffff94]k[0xffffffdb]([0xffffff94]k"
[DEBUG] http-outgoing-1 << "[0x17][0xffffffee][0xffffffda]e[0xffffffe0][0xffffffda][0x15][0xffffffa0][0xffffffce][0xffffffc4]ya[0xffffffae]]N[0xffffffae][0xffffff8d](2[0xffffffae]U@2[0xffffffae][0xffffff8d]X[0xffffffe6][0xffffffbb]v[0xffffff87]3[0xffffffdb][0xffffffb5];[0xffffffa2][0xffffffbf][0xffffffdd][0xffffffb5][0xfffffffd]&[0xffffffbe]![0xffffffd4][0xffffff81][0xffffffcd][0xffffff8d][0xffffffbd][0xffffffbd][0xf][0xffffffeb][0xffffffda][0xffffffc7][0x1b][0xffffffc0][0xffffffae][0xfffffffd][0xfffffffe][0xe][0xffffff88]k[0x1f]OG\[0xfffffffb][0xffffffed][0xffffffc9][0x16][0xffffffae][0x15]("[0xffffffae][0xffffff95]@"[0xffffffae][0x15]X[0xffffffa6][0xffffffbb]6[0xffffffc0][0xffffff99][0xffffffec][0xffffffda][0xffffff80][0xffffffe8][0xb][0xffffffae]U[0xffffffe7]k[0xffffffdb][0xffffff89]um[0xffffffc7][0xffffffcf][0xffffffd7]v[0xffffff83][0xfffffff3][0xffffffb5]=[0x1e]d[0xffffffcc][0xffffffc4][0x19];_[0xffffffdb][0xfffffff7][0xffffffc3][0xffffff8b][0xffffffa8]kM[0xffffffce][0xffffffd7]J [0x19][0xffffffd7][0x1a][0xffffff9c][0xffffffaf][\r]pf[0xffffffbb][0xfffffff6][0xfffffffa][0xfffffff9][0xffffffda][0xffffffae][0xffffffce][0xffffffd7][0xffffffb6]U0[0xffffffd7][0xffffffe2][0xffffffe7]k[0xffffffbb][0xffffffc1][0xfffffff9][0xffffffda][0x1e][0xf]2f[0xffffffe2][0xffffff8c][0xffffff9d][0xffffffaf][0xffffffed][0xfffffffb][0xffffffe1]E[0xffffffd4][0xffffffb5]&[0xffffffe7]k%[0xffffff90][0xffffff8c]k[\r][0xffffffce][0xffffffd7][0x6]8[0xffffffb3]]{[0xfffffffd]|mW[0xffffffe7]k[0xffffffcf][[0xffffffed][0xffffff94]k[0xfffffff1][0xfffffff3][0xffffffb5][0xffffffdd][0xffffffe0]|m[0xffffff8f][0x7][0x19]3q[0xffffffc6][0xffffffce][0xffffffd7][0xfffffff6][0xfffffffd][0xfffffff0]"[0xffffffea]Z[0xffffff93][0xfffffff3][0xffffffb5][0x12]H[0xffffffc6][0xffffffb5][0x6][0xffffffe7]k[0x3][0xffffff9c][0xffffffd9][0xffffffae][0xffffffbd]~[0xffffffbe][0xffffffb6][0xffffffab][0xfffffffd][0xffffffb5][0xffffffe7]mR[0xfffffffb][0x10]:[0xffffffbe][0xffffffbf][0xffffffb6][0x1b][0xffffffec][0xffffffaf][0xffffffed]qQh&[0xffffffce][0xffffffd8][0xfffffffe][0xffffffda][0xffffffbe]/[0x7]E]k[0xffffffb2][0xffffffbf]V[0x2][0xffffffc9][0xffffffb8][0xffffffd6]`[0x7f]m[0xffffff80]3[0xffffffdb][0xffffffb5][0xffffffd7][0xfffffff7][0xffffffd7][0xfffffff6][0xffffffa1]\{[0xffffffdc][0xffffffa8]=_o[0xffffffef][0x3][0xffffffbb]v[0x18][0xffffffb8]v[0x4][0xffffffa8]3q[0x1e][0xffffff98]k[0xffffff87][0xffffff93]k#[0xffffff8a][0xffffff8c]k[0x15][0xffffff90][0xffffff8c]k#[0xffffff96][0xfffffff9][0xffffffae][0xffffffdd][0xffffffe1][0xffffffcc]v[0xffffffed][0xffffff8e][0xffffffe8][0xb][0xffffffae]Ug[0xffffffbe][0xffffffce]rb[0xffffffdf][0x10][0xfffffff0]3_[0xffffffdd][0xffffffe0][0xffffffcc]W[0xffffff8f][0xffffff87]k2q[0xffffffc6][0xffffffce]|[0xfffffff5][0xfffffffd]@[\r][0xffffffea]Z[0xffffff93]3_[0x12]H[0xffffffc6][0xffffffb5][0x6]g[0xffffffbe][0x2][0xffffff9c][0xffffffd9][0xffffffae][0xffffffbd]~[0xffffffe6]k[0xffffffdc][0xffffff94]k[0x1b][0xffffffb6][0xf][0xffffffe1][0xffffffed]}X[0xffffffd7]>[0xffffffde][0x0]v[0xffffffed][0xfffffff7]w@\[0xfffffffb]x:[0xffffffe2][0xffffffda]oO[0xffffffb6]p[0xffffffad]@[0x11]q[0xffffffad][0x4][0x12]q[0xffffffad][0xffffffc0]2[0xffffffdd][0xffffffb5][0x1][0xffffffce]d[0xffffffd7][0x6]D_p[0xffffffad][0xffffffda]_{[0xffffff9e][0xffffff95][0xffffff9a][0x1b][0x1b][0xfffffff8][0xfffffffe][0xffffffda]a[0xffffffb0][0xffffffbf]v[0xffffffc4]E[0xffffffa1][0xffffff99]8c[0xfffffffb]k[0xffffffc7][0xffffffbe][0x1c][0x14]u[0xffffffad][0xffffffc9][0xfffffffe]Z[0x9]$[0xffffffe3]Z[0xffffff83][0xfffffffd][0xffffffb5][0x1][0xffffffce]l[0xffffffd7]^[0xffffffdf]_;[0xffffff8a]r[0xffffffed][0xffffffb8]Q[0xffffffbf][0xffffff8d][0xffffffbd][0xffffffbd][0xf][0xffffffec][0xffffffda]b[0xffffffe0][0xffffffda][0x12][0xffffffa0][0xffffffce][0xffffffc4][0xffffffb9]`[0xffffffae]-N[0xffffffae][0xffffff8d](2[0xffffffae]U@2[0xffffffae][0xffffff8d]X[0xffffffe6][0xffffffbb]v[0xffffff87]3[0xffffffdb][0xffffffb5];[0xffffffa2]/[0xffffffb8]V[0xffffffcd]2[0xffffff9c][0xffffffb3]c][0xffffff8b][0xffffffcf]2[0xc][0xffffff83]Y[0xffffff86][0x11][0xf][0xffffff8d]g[0xffffffe2][0xffffff8c][0xffffffcd]2[0xffffff8c][0xfffffffd][0xffffffa0]8[0xffffffea]Z[0xffffff93]Y[0x6][0x9]$[0xffffffe3]Z[0xffffff83]Y[0xffffff86][0x0]g[0xffffffb6]k[0xffffffaf][0xffffffcf]2[0xc]5[0xffffffcb][0xffffffd0]K[0xffffffbb]Q[0xffffffae][0xffffffc5]g[0x19][0xffffff86][0xffffffc1],[0xffffffc3][0xffffff88][0xffffff87][0xffffffc6]3q[0xffffffc6]f[0x19][0xffffffc6]~P[0x1c]u[0xffffffad][0xffffffc9],[0xffffff83][0x4][0xffffff92]q[0xffffffad][0xffffffc1],C[0xffffff80]3[0xffffffdb][0xffffffb5][0xffffffd7]g[0x19][0xffffff86][0xffffff9a]e[0xffffffe8]uR[0xfffffffb][0x10][0x6]>[0xffffffcb]0[0xc]f[0x19]F<4[0xffffff9e][0xffffff89]36[0xffffffcb]0[0xfffffff6][0xffffff83][0xffffffe2][0xffffffa8]kMf[0x19]$[0xffffff90][0xffffff8c]k[\r]f[0x19][0x2][0xffffff9c][0xffffffd9][0xffffffae][0xffffffbd]>[0xffffffcb]0[0xffffffd4],C[0x1f]'u[0xffffffbe]v[0xffffffe0][0xffffffb3][0xc][0xffffffc3]`[0xffffff96]a[0xffffffc4]C[0xffffffe3][0xffffff99]8c[0xffffffb3][0xc]c?([0xffffff8e][0xffffffba][0xffffffd6]d[0xffffff96]A[0x2][0xffffffc9][0xffffffb8][0xffffffd6]`[0xffffff96]![0xffffffc0][0xffffff99][0xffffffed][0xffffffda][0xffffffeb][0xffffffb3][0xc]c[0x8][0xffffffd7][0xffffff8e][0xffffffca][0xffffffb9]v[0xffffffe0][0xffffffae][0x1d][0x6][0xffffffae][0x1d][0x1][0xffffffea]L[0xffffff9c][0x7][0xffffffe6][0xffffffda][0xffffffe1][0xffffffe4][0xffffffda][0xffffff88]"[0xffffffe3]Z[0x5]$[0xffffffe3][0xffffffda][0xffffff88]e[0xffffffbe]kw8[0xffffffb3]][0xffffffbb]#[0xfffffffa][0xffffff82]k[0xffffffd5][0xffffffae][0xfffffff0][0xffffffd1][0x1b]5[0xffffffcb]0[0xfffffff0]][0xffffffe1][0xffffffc3]`W[0xfffffff8][0xffffff88]K[0xffffff99]3q[0xffffffc6]v[0xffffff85][0xffffff8f]}[0x11]3[0xffffffea]Z[0xffffff93]][0xffffffe1][0x12]H[0xffffffc6][0xffffffb5][0x6][0xffffffbb][0xffffffc2][0x3][0xffffff9c][0xffffffd9][0xffffffae][0xffffffbd][0xffffffbe]+|[0xffffffa8][0xffffffb9][0xffffffb1]1N[0xffffffec][0xffffffb7]1|nl[0x18][0xffffffcc][0xffffff8d][0xffffff8d]8[0xffffffa0][0xffffff93][0xffffff89]3676[0xfffffff6][0xffffffa1][0x1c][0xffffffd4][0xffffffb5]&sc[0x12]H[0xffffffc6][0xffffffb5][0x6]sc[0x1][0xffffffce]l[0xffffffd7]^[0xffffff9f][0x1b][0xffffff9b][0xffffffb7]_Zt[0xffffffed][0xffffffc4][0xffffffce][0xffffffd7][0xffffffbe][0xffffffbd][0xf][0xffffffeb][0xffffffda][0xffffffc7][0x1b][0xffffffc0][0xffffffae][0xfffffffd][0xfffffffe][0xe][0xffffff88]k[0x1f]OG\[0xfffffffb][0xffffffed][0xffffffc9][0x16][0xffffffae][0x15]("[0xffffffae][0xffffff95]@"[0xffffffae][0x15]X[0xffffffa6][0xffffffbb]6[0xffffffc0][0xffffff99][0xffffffec][0xffffffda][0xffffff80][0xffffffe8][0xb][0xffffffae]Uscc[0xffffff9d][0xffffff98]k[0xfffffff1][0xffffffb9][0xffffffb1]i076[0xffffffe3][0xffffff80]N&[0xffffffce][0xffffffd8][0xffffffdc][0xffffffd8][0xffffffdc][0xffffff87]rP[0xffffffd7][0xffffff9a][0xffffffcc][0xffffff8d]I [0x19][0xffffffd7][0x1a][0xffffffcc][0xffffff8d][0x5]8[0xffffffb3]]{}nl[0xffffffaa][0xffffffb9][0xffffffb1]Y&u[0xffffff8f][0xffffffee][0xffffffc4][0xffffffe7][0xffffffc6][0xffffffa6][0xffffffc1][0xffffffdc][0xffffffd8][0xffffff8c][0x3]:[0xffffff99]8cscs[0x1f][0xffffffca]A]k27&[0xffffff81]d\k07[0x16][0xffffffe0][0xffffffcc]v[0xffffffed][0xfffffff5][0xffffffb9][0xffffffb1][0xffffffa9][0xffffffe6][0xffffffc6][0xffffffe6][0xffffffb9][0xffffffa8][0xffffffdd]3[0x13][0xffffff9f][0x1b][0xffffff9b][0x6]sc3[0xe][0xffffffe8]d[0xffffffe2][0xffffff8c][0xffffffcd][0xffffff8d][0xffffffcd]}([0x7]u[0xffffffad][0xffffffc9][0xffffffdc][0xffffff98][0x4][0xffffff92]q[0xffffffad][0xffffffc1][0xffffffdc]X[0xffffff80]3[0xffffffdb][0xffffffb5][0xffffffd7][0xffffffe7][0xffffffc6][0xffffffa6][0xffffff9a][0x1b][0xffffff9b][0xffffffab]Q3[0xffffffba][0x13][0xffffff9f][0x1b][0xffffff9b][0x6]sc3[0xe][0xffffffe8]d[0xffffffe2][0xffffff8c][0xffffffcd][0xffffff8d][0xffffffcd]}([0x7]u[0xffffffad][0xffffffc9][0xffffffdc][0xffffff98][0x4][0xffffff92]q[0xffffffad][0xffffffc1][0xffffffdc]X[0xffffff80]3[0xffffffdb][0xffffffb5][0xffffffd7][0xffffffe7][0xffffffc6][0xffffffa6][0xffffff9a][0x1b][[0xffffffe5][0xffffffa0][0xffffffe6][0xffffffc6]&>76[\r][0xffffffe6][0xffffffc6]f[0x1c][0xffffffd0][0xffffffc9][0xffffffc4][0x19][0xffffff9b][0x1b][0xffffff9b][0xfffffffb]P[0xe][0xffffffea]Z[0xffffff93][0xffffffb9]1[0x9]$[0xffffffe3]Z[0xffffff83][0xffffffb9][0xffffffb1][0x0]g[0xffffffb6]k[0xffffffaf][0xffffffcf][0xffffff8d]M57[0xffffffb6][0x1a]v[0xffffffe6]k[0xffffffe2]sc[0xffffffd3]`nl[0xffffffc6][0x1][0xffffff9d]L[0xffffff9c][0xffffffb1][0xffffffb9][0xffffffb1][0xffffffb9][0xf][0xffffffe5][0xffffffa0][0xffffffae]5[0xffffff99][0x1b][0xffffff93]@2[0xffffffae]5[0xffffff98][0x1b][0xb]pf[0xffffffbb][0xfffffff6][0xfffffffa][0xffffffdc][0xffffffd8][0x1c][0xffffffca][0xffffffb5][0xffffffb3]Rsco[0xffffffef][0x3][0xffffffbb]v[0x18][0xffffffb8]v[0x4][0xffffffa8]3q[0x1e][0xffffff98]k[0xffffff87][0xffffff93]k#[0xffffff8a][0xffffff8c]k[0x15][0xffffff90][0xffffff8c]k#[0xffffff96][0xfffffff9][0xffffffae][0xffffffdd][0xffffffe1][0xffffffcc]v[0xffffffed][0xffffff8e][0xffffffe8][0xb][0xffffffae][0x15]sc[0xffffffe3]v[0xffffffeb][0xffffffd8][0xffffff99]/|nl[0x1a][0xffffffcc][0xffffff8d][0xffffffcd]8[0xffffffa0][0xffffff93][0xffffff89]3676[0xfffffff7][0xffffffa1][0x1c][0xffffffd4][0xffffffb5]&sc[0x12]H[0xffffffc6][0xffffffb5][0x6]sc[0x1][0xffffffce]l[0xffffffd7]^[0xffffff9f][0x1b][0xffffff9b]bnl[0xffffffdc]*w[0xffffffe6][0xb][0xffffff9f][0x1b][0xffffff9b][0x6]sc3[0xe][0xffffffe8]d[0xffffffe2][0xffffff8c][0xffffffcd][0xffffff8d][0xffffffcd]}([0x7]u[0xffffffad][0xffffffc9][0xffffffdc][0xffffff98][0x4][0xffffff92]q[0xffffffad][0xffffffc1][0xffffffdc]X[0xffffff80]3[0xffffffdb][0xffffffb5][0xffffffd7][0xffffffe7][0xffffffc6][0xffffff96][0xffffffb8]ol[0xffffffdc]:[0xffffffb6]+|[0xffffffe1][0xfffffff7][0xffffff8d]-[0xffffff83][0xfffffffb][0xffffffc6]V[0xffffffbc][0xffffffd8])[0x11][0xffffffe7][0xffffff85][0xffffffdd]7[0xffffffb6][0xfffffff6][0xffffffcb][0xffffff9c]H[0xffffffd7][\n]"
[DEBUG] http-outgoing-1 << "[0x14][0x11][0xffffffd7]J [0x11][0xffffffd7][\n]"
[DEBUG] http-outgoing-1 << ",[0xffffffd3]][0x1b][0xffffffe0]Lvm@[0xfffffff4][0x5][0xffffffd7][0xffffff8a]Y[0xffffff86]q[[0x5]s->[0xffffffcb][0xffffffb0][0xc]f[0x19]V<4[0xffffff9e][0xffffff89]36[0xffffffcb][0xffffffb0][0xfffffff6][0xffffff83][0xffffffe2]"
[DEBUG] http-outgoing-1 << "[0xffffffa8]kMf[0x19]$[0xffffff90][0xffffff8c]k[\r]f[0x19][0x2][0xffffff9c][0xffffffd9][0xffffffae][0xffffffbd]>[0xffffffcb][0xffffffb0][0xffffffc4],[0xffffffc3][0xffffffdd][0xffffffb5][0xffffffd8][0xffffffae][0xfffffff0][0xffffff85][0xffffffcf]2,[0xffffff83]Y[0xffffff86][0x15][0xf][0xffffff8d]g[0xffffffe2][0xffffff8c][0xffffffcd]2[0xffffffac][0xfffffffd][0xffffffa0]8[0xffffffea]Z[0xffffff93]Y[0x6][0x9]$[0xffffffe3]Z[0xffffff83]Y[0xffffff86][0x0]g[0xffffffb6]k[0xffffffaf][0xffffffcf]2,1[0xffffffcb]0[0xffffff8e][0xffffffe3][0xffffffd6]([0xffffffd7][0xffffffe2][0xffffffb3][0xc][0xffffffcb]`[0xffffff96]a[0xffffffc5]C[0xffffffe3][0xffffff99]8c[0xffffffb3][0xc]k?([0xffffff8e][0xffffffba][0xffffffd6]d[0xffffff96]A[0x2][0xffffffc9][0xffffffb8][0xffffffd6]`[0xffffff96]![0xffffffc0][0xffffff99][0xffffffed][0xffffffda][0xffffffeb][0xffffffb3][0xc]K[0xffffffcc]2[0xffffff8c][0xffffffa3][0x1e][0xffffff85]r->[0xffffffcb][0xffffffb0][0xc]f[0x19]V<4[0xffffff9e][0xffffff89]36[0xffffffcb][0xffffffb0][0xfffffff6][0xffffff83][0xffffffe2][0xffffffa8]kMf[0x19]$[0xffffff90][0xffffff8c]k[\r]f[0x19][0x2][0xffffff9c][0xffffffd9][0xffffffae][0xffffffbd]>[0xffffffcb][0xffffffb0][0xffffffc4],[0xffffffc3]8z[0xffffffc3][0xffffffba][0x16][0xffffff9f]eX[0x6][0xffffffb3][0xc]+[0x1e][0x1a][0xffffffcf][0xffffffc4][0x19][0xffffff9b]eX[0xfffffffb]Aq[0xffffffd4][0xffffffb5]&[0xffffffb3][0xc][0x12]H[0xffffffc6][0xffffffb5][0x6][0xffffffb3][0xc][0x1][0xffffffce]l[0xffffffd7]^[0xffffff9f]eXC[0xffffffb9]vM[0xffffffac]k[0x7][0xffffffee][0xffffffda]a[0xffffffe0][0xffffffda][0x11][0xffffffa0][0xffffffce][0xffffffc4]y`[0xffffffae][0x1d]N[0xffffffae][0xffffff8d](2[0xffffffae]U@2[0xffffffae][0xffffff8d]X[0xffffffe6][0xffffffbb]v[0xffffff87]3[0xffffffdb][0xffffffb5];[0xffffffa2]/[0xffffffb9][0xffffffb6][0xffffff9a][0xffffffb9][0xffffffb6][0xffffffe2][0xffffffae][0xffffffad][0x6][0xffffffae][0xffffffad][0xffffffa8]k+[0xffffffe6][0xffffffda][0xffffffea][0xffffffe4][0xffffffda][0x1d]E[0xffffffca][0xffffffb5][0x11]H[0xffffffca][0xffffffb5];[0xffffff96][0xffffff84]k+[0xffffffec][0xffffffda]z[0xffffffd5][0xffffffb5]jn[0xffffffac][0x14]l[0x1f][0xffffffc2][0xffffffc2][0xffffffe7][0xffffffc6][0xffffff96][0xffffffc1][0xffffffdc][0xffffffd8][0xffffff8a][0x3]:[0xffffff99]8csck[0x1f][0xffffffca]A]k27&[0xffffff81]d\k07[0x16][0xffffffe0][0xffffffcc]v[0xffffffed][0xfffffff5][0xffffffb9][0xffffffb1][0xffffffa5][0xffffffe6][0xffffffc6][0xffffffca][0xffffffd9][0xffffffa8][0xffffffb9][0xffffffb1][0xffffff85][0xffffffcf][0xffffff8d]-[0xffffff83][0xffffffb9][0xffffffb1][0x15][0x7]t2q[0xffffffc6][0xffffffe6][0xffffffc6][0xffffffd6]>[0xffffff94][0xffffff83][0xffffffba][0xffffffd6]dnL[0x2][0xffffffc9][0xffffffb8][0xffffffd6]`n,[0xffffffc0][0xffffff99][0xffffffed][0xffffffda][0xffffffcb]sc[0xffffffeb][0xffffffa6][0xffffffe6][0xffffffc6][0xffffffca][0xffffffac][0xffffffd0][0xfffffff9][0xffffffda][0xffffffc7][0xfffffffb][0xffffffa0][0xffffffae]}[0x7f][0x3][0xffffffd6][0xffffffb5][0xffffff9f][0xffffffef]@[0xffffffb8][0xfffffff6][0xfffffffd][0xffffffe9][0xffffff84]k[0xffffffbf]?[0xffffffd9][0xffffffc1][0xffffffb5][\n]"
[DEBUG] http-outgoing-1 << "E[0xffffffc2][0xffffffb5][0x1a]H[0xffffffc2][0xffffffb5][\n]"
[...]
]]></system-err>
  </testcase>
  <testcase name="runScenario[&quot;Add New Customer&quot;, &quot;Customers&quot;](3)" classname="TestRunner.Run" time="19.481">
    <system-out><![CDATA[setup1 method exicuted sanity
[DEBUG] Using WebDriverManager 5.6.3
[DEBUG] Resolution chrome=122 in cache (valid until 22:35:25 10/03/2024 IST)
[DEBUG] Resolution chrome122=122.0.6261.111 in cache (valid until 21:35:25 11/03/2024 IST)
[INFO] Using chromedriver 122.0.6261.111 (resolved driver for Chrome 122)
[DEBUG] Driver chromedriver 122.0.6261.111 found in cache
[INFO] Exporting webdriver.chrome.driver as C:\Users\Shree\.cache\selenium\chromedriver\win64\122.0.6261.111\chromedriver.exe
[INFO ] 2024-03-10 21:36:10.432 [main] StepDef - Step 1 exicuted
[INFO ] 2024-03-10 21:36:10.435 [main] StepDef - launch chrome browser
[INFO ] 2024-03-10 21:36:13.247 [main] StepDef - url open
[INFO ] 2024-03-10 21:36:13.615 [main] StepDef - enter email add and pwrd
[INFO ] 2024-03-10 21:36:19.744 [main] StepDef - click on login button
[INFO ] 2024-03-10 21:36:21.373 [main] StepDef - user can view dashbord pass
[INFO ] 2024-03-10 21:36:21.373 [main] StepDef - user enter email add 
[INFO ] 2024-03-10 21:36:21.723 [main] StepDef - user click on customer menu
[INFO ] 2024-03-10 21:36:21.723 [main] StepDef - user enter email add 
[INFO ] 2024-03-10 21:36:23.129 [main] StepDef - user click on customer menu item
[INFO ] 2024-03-10 21:36:24.646 [main] StepDef - user click on add new button
[INFO ] 2024-03-10 21:36:24.684 [main] StepDef - user can view add new customer page pass
[INFO ] 2024-03-10 21:36:27.492 [main] StepDef - click on save button
[INFO ] 2024-03-10 21:36:28.342 [main] StepDef - user can view confirmation message pass
[INFO ] 2024-03-10 21:36:28.668 [main] StepDef - close browser
]]></system-out>
    <system-err><![CDATA[Mar 10, 2024 9:36:10 PM org.openqa.selenium.devtools.CdpVersionFinder findNearestMatch
WARNING: Unable to find an exact match for CDP version 122, returning the closest version; found: 121; Please update to a Selenium version that supports CDP version 122
]]></system-err>
  </testcase>
  <testcase name="runScenario[&quot;Add New Customer&quot;, &quot;Customers&quot;](4)" classname="TestRunner.Run" time="14.742">
    <system-out><![CDATA[setup1 method exicuted sanity
[DEBUG] Using WebDriverManager 5.6.3
[DEBUG] Resolution chrome=122 in cache (valid until 22:35:25 10/03/2024 IST)
[DEBUG] Resolution chrome122=122.0.6261.111 in cache (valid until 21:35:25 11/03/2024 IST)
[INFO] Using chromedriver 122.0.6261.111 (resolved driver for Chrome 122)
[DEBUG] Driver chromedriver 122.0.6261.111 found in cache
[INFO] Exporting webdriver.chrome.driver as C:\Users\Shree\.cache\selenium\chromedriver\win64\122.0.6261.111\chromedriver.exe
[INFO ] 2024-03-10 21:36:29.835 [main] StepDef - Step 1 exicuted
[INFO ] 2024-03-10 21:36:29.838 [main] StepDef - launch chrome browser
[INFO ] 2024-03-10 21:36:31.666 [main] StepDef - url open
[INFO ] 2024-03-10 21:36:32.067 [main] StepDef - enter email add and pwrd
[INFO ] 2024-03-10 21:36:34.234 [main] StepDef - click on login button
[INFO ] 2024-03-10 21:36:35.855 [main] StepDef - user can view dashbord pass
[INFO ] 2024-03-10 21:36:35.855 [main] StepDef - user enter email add 
[INFO ] 2024-03-10 21:36:36.223 [main] StepDef - user click on customer menu
[INFO ] 2024-03-10 21:36:36.224 [main] StepDef - user enter email add 
[INFO ] 2024-03-10 21:36:37.711 [main] StepDef - user click on customer menu item
[INFO ] 2024-03-10 21:36:39.235 [main] StepDef - user click on add new button
[INFO ] 2024-03-10 21:36:39.265 [main] StepDef - user can view add new customer page pass
[INFO ] 2024-03-10 21:36:42.371 [main] StepDef - click on save button
[INFO ] 2024-03-10 21:36:43.128 [main] StepDef - user can view confirmation message pass
[INFO ] 2024-03-10 21:36:43.411 [main] StepDef - close browser
]]></system-out>
    <system-err><![CDATA[Mar 10, 2024 9:36:29 PM org.openqa.selenium.devtools.CdpVersionFinder findNearestMatch
WARNING: Unable to find an exact match for CDP version 122, returning the closest version; found: 121; Please update to a Selenium version that supports CDP version 122
]]></system-err>
  </testcase>
  <testcase name="runScenario[&quot;Add New Customer&quot;, &quot;Customers&quot;](5)" classname="TestRunner.Run" time="226.395">
    <failure message="java.util.concurrent.TimeoutException&#10;Build info: version: &apos;4.17.0&apos;, revision: &apos;e52b1be057*&apos;&#10;System info: os.name: &apos;Windows 10&apos;, os.arch: &apos;amd64&apos;, os.version: &apos;10.0&apos;, java.version: &apos;21.0.2&apos;&#10;Driver info: org.openqa.selenium.chrome.ChromeDriver&#10;Command: [7b6a44cb5f77a8254f11333286210386, findChildElements {using=xpath, id=f.72718CA3138FF5549B5396A90488E403.d.79AC2D3210F8A79E59BEC7C667AFD5AD.e.143, value=.//option[normalize-space(.) = &quot;&quot;]}]&#10;Capabilities {acceptInsecureCerts: false, browserName: chrome, browserVersion: 122.0.6261.112, chrome: {chromedriverVersion: 122.0.6261.111 (9d4c1072da6..., userDataDir: C:\Users\Shree\AppData\Loca...}, fedcm:accounts: true, goog:chromeOptions: {debuggerAddress: localhost:51050}, networkConnectionEnabled: false, pageLoadStrategy: normal, platformName: windows, proxy: Proxy(), se:cdp: ws://localhost:51050/devtoo..., se:cdpVersion: 122.0.6261.112, setWindowRect: true, strictFileInteractability: false, timeouts: {implicit: 0, pageLoad: 300000, script: 30000}, unhandledPromptBehavior: dismiss and notify, webauthn:extension:credBlob: true, webauthn:extension:largeBlob: true, webauthn:extension:minPinLength: true, webauthn:extension:prf: true, webauthn:virtualAuthenticators: true}&#10;Session ID: 7b6a44cb5f77a8254f11333286210386" type="org.openqa.selenium.TimeoutException"><![CDATA[org.openqa.selenium.TimeoutException: 
java.util.concurrent.TimeoutException
Build info: version: '4.17.0', revision: 'e52b1be057*'
System info: os.name: 'Windows 10', os.arch: 'amd64', os.version: '10.0', java.version: '21.0.2'
Driver info: org.openqa.selenium.chrome.ChromeDriver
Command: [7b6a44cb5f77a8254f11333286210386, findChildElements {using=xpath, id=f.72718CA3138FF5549B5396A90488E403.d.79AC2D3210F8A79E59BEC7C667AFD5AD.e.143, value=.//option[normalize-space(.) = ""]}]
Capabilities {acceptInsecureCerts: false, browserName: chrome, browserVersion: 122.0.6261.112, chrome: {chromedriverVersion: 122.0.6261.111 (9d4c1072da6..., userDataDir: C:\Users\Shree\AppData\Loca...}, fedcm:accounts: true, goog:chromeOptions: {debuggerAddress: localhost:51050}, networkConnectionEnabled: false, pageLoadStrategy: normal, platformName: windows, proxy: Proxy(), se:cdp: ws://localhost:51050/devtoo..., se:cdpVersion: 122.0.6261.112, setWindowRect: true, strictFileInteractability: false, timeouts: {implicit: 0, pageLoad: 300000, script: 30000}, unhandledPromptBehavior: dismiss and notify, webauthn:extension:credBlob: true, webauthn:extension:largeBlob: true, webauthn:extension:minPinLength: true, webauthn:extension:prf: true, webauthn:virtualAuthenticators: true}
Session ID: 7b6a44cb5f77a8254f11333286210386
	at org.openqa.selenium.remote.http.jdk.JdkHttpClient.execute0(JdkHttpClient.java:402)
	at org.openqa.selenium.remote.http.AddSeleniumUserAgent.lambda$apply$0(AddSeleniumUserAgent.java:42)
	at org.openqa.selenium.remote.http.Filter.lambda$andFinally$1(Filter.java:55)
	at org.openqa.selenium.remote.http.jdk.JdkHttpClient.execute(JdkHttpClient.java:358)
	at org.openqa.selenium.remote.HttpCommandExecutor.execute(HttpCommandExecutor.java:187)
	at org.openqa.selenium.remote.service.DriverCommandExecutor.invokeExecute(DriverCommandExecutor.java:216)
	at org.openqa.selenium.remote.service.DriverCommandExecutor.execute(DriverCommandExecutor.java:174)
	at org.openqa.selenium.remote.RemoteWebDriver.execute(RemoteWebDriver.java:519)
	at org.openqa.selenium.remote.ElementLocation$ElementFinder$2.findElements(ElementLocation.java:182)
	at org.openqa.selenium.remote.ElementLocation.findElements(ElementLocation.java:103)
	at org.openqa.selenium.remote.RemoteWebDriver.findElements(RemoteWebDriver.java:369)
	at org.openqa.selenium.remote.RemoteWebElement.findElements(RemoteWebElement.java:203)
	at java.base/jdk.internal.reflect.DirectMethodHandleAccessor.invoke(DirectMethodHandleAccessor.java:103)
	at java.base/java.lang.reflect.Method.invoke(Method.java:580)
	at org.openqa.selenium.support.pagefactory.internal.LocatingElementHandler.invoke(LocatingElementHandler.java:51)
	at jdk.proxy2/jdk.proxy2.$Proxy38.findElements(Unknown Source)
	at org.openqa.selenium.support.ui.Select.selectByVisibleText(Select.java:115)
	at PageObject.AddNewCustomerPAGE.enterManagerOfVendor(AddNewCustomerPAGE.java:159)
	at StepDefination.StepDef.user_enter_customer_info_from_sheetname_and_rownumber(StepDef.java:249)
	at ✽.User enter customer info from sheetname "contactus" and rownumber 5(file:///C:/Users/Shree/Desktop/Cucumber/CucumberFramework/./Features/Customers.feature:15)
Caused by: java.util.concurrent.TimeoutException
	at java.base/java.util.concurrent.CompletableFuture.timedGet(CompletableFuture.java:1960)
	at java.base/java.util.concurrent.CompletableFuture.get(CompletableFuture.java:2095)
	at org.openqa.selenium.remote.http.jdk.JdkHttpClient.execute0(JdkHttpClient.java:385)
	at org.openqa.selenium.remote.http.AddSeleniumUserAgent.lambda$apply$0(AddSeleniumUserAgent.java:42)
	at org.openqa.selenium.remote.http.Filter.lambda$andFinally$1(Filter.java:55)
	at org.openqa.selenium.remote.http.jdk.JdkHttpClient.execute(JdkHttpClient.java:358)
	at org.openqa.selenium.remote.HttpCommandExecutor.execute(HttpCommandExecutor.java:187)
	at org.openqa.selenium.remote.service.DriverCommandExecutor.invokeExecute(DriverCommandExecutor.java:216)
	at org.openqa.selenium.remote.service.DriverCommandExecutor.execute(DriverCommandExecutor.java:174)
	at org.openqa.selenium.remote.RemoteWebDriver.execute(RemoteWebDriver.java:519)
	at org.openqa.selenium.remote.ElementLocation$ElementFinder$2.findElements(ElementLocation.java:182)
	at org.openqa.selenium.remote.ElementLocation.findElements(ElementLocation.java:103)
	at org.openqa.selenium.remote.RemoteWebDriver.findElements(RemoteWebDriver.java:369)
	at org.openqa.selenium.remote.RemoteWebElement.findElements(RemoteWebElement.java:203)
	at java.base/jdk.internal.reflect.DirectMethodHandleAccessor.invoke(DirectMethodHandleAccessor.java:103)
	at java.base/java.lang.reflect.Method.invoke(Method.java:580)
	at org.openqa.selenium.support.pagefactory.internal.LocatingElementHandler.invoke(LocatingElementHandler.java:51)
	at jdk.proxy2/jdk.proxy2.$Proxy38.findElements(Unknown Source)
	at org.openqa.selenium.support.ui.Select.selectByVisibleText(Select.java:115)
	at PageObject.AddNewCustomerPAGE.enterManagerOfVendor(AddNewCustomerPAGE.java:159)
	at StepDefination.StepDef.user_enter_customer_info_from_sheetname_and_rownumber(StepDef.java:249)
	at java.base/jdk.internal.reflect.DirectMethodHandleAccessor.invoke(DirectMethodHandleAccessor.java:103)
	at java.base/java.lang.reflect.Method.invoke(Method.java:580)
	at io.cucumber.java.Invoker.doInvoke(Invoker.java:66)
	at io.cucumber.java.Invoker.invoke(Invoker.java:24)
	at io.cucumber.java.AbstractGlueDefinition.invokeMethod(AbstractGlueDefinition.java:47)
	at io.cucumber.java.JavaStepDefinition.execute(JavaStepDefinition.java:29)
	at io.cucumber.core.runner.CoreStepDefinition.execute(CoreStepDefinition.java:66)
	at io.cucumber.core.runner.PickleStepDefinitionMatch.runStep(PickleStepDefinitionMatch.java:63)
	at io.cucumber.core.runner.ExecutionMode$1.execute(ExecutionMode.java:10)
	at io.cucumber.core.runner.TestStep.executeStep(TestStep.java:84)
	at io.cucumber.core.runner.TestStep.run(TestStep.java:56)
	at io.cucumber.core.runner.PickleStepTestStep.run(PickleStepTestStep.java:51)
	at io.cucumber.core.runner.TestCase.run(TestCase.java:84)
	at io.cucumber.core.runner.Runner.runPickle(Runner.java:75)
	at io.cucumber.testng.TestNGCucumberRunner.lambda$runScenario$1(TestNGCucumberRunner.java:132)
	at io.cucumber.core.runtime.CucumberExecutionContext.lambda$runTestCase$5(CucumberExecutionContext.java:137)
	at io.cucumber.core.runtime.RethrowingThrowableCollector.executeAndThrow(RethrowingThrowableCollector.java:23)
	at io.cucumber.core.runtime.CucumberExecutionContext.runTestCase(CucumberExecutionContext.java:137)
	at io.cucumber.testng.TestNGCucumberRunner.runScenario(TestNGCucumberRunner.java:129)
	at io.cucumber.testng.AbstractTestNGCucumberTests.runScenario(AbstractTestNGCucumberTests.java:35)
	at java.base/jdk.internal.reflect.DirectMethodHandleAccessor.invoke(DirectMethodHandleAccessor.java:103)
	at java.base/java.lang.reflect.Method.invoke(Method.java:580)
	at org.testng.internal.invokers.MethodInvocationHelper.invokeMethod(MethodInvocationHelper.java:139)
	at org.testng.internal.invokers.TestInvoker.invokeMethod(TestInvoker.java:664)
	at org.testng.internal.invokers.TestInvoker.invokeTestMethod(TestInvoker.java:228)
	at org.testng.internal.invokers.MethodRunner.runInSequence(MethodRunner.java:63)
	at org.testng.internal.invokers.TestInvoker$MethodInvocationAgent.invoke(TestInvoker.java:961)
	at org.testng.internal.invokers.TestInvoker.invokeTestMethods(TestInvoker.java:201)
	at org.testng.internal.invokers.TestMethodWorker.invokeTestMethods(TestMethodWorker.java:148)
	at org.testng.internal.invokers.TestMethodWorker.run(TestMethodWorker.java:128)
	at java.base/java.util.ArrayList.forEach(ArrayList.java:1596)
	at org.testng.TestRunner.privateRun(TestRunner.java:819)
	at org.testng.TestRunner.run(TestRunner.java:619)
	at org.testng.SuiteRunner.runTest(SuiteRunner.java:443)
	at org.testng.SuiteRunner.runSequentially(SuiteRunner.java:437)
	at org.testng.SuiteRunner.privateRun(SuiteRunner.java:397)
	at org.testng.SuiteRunner.run(SuiteRunner.java:336)
	at org.testng.SuiteRunnerWorker.runSuite(SuiteRunnerWorker.java:52)
	at org.testng.SuiteRunnerWorker.run(SuiteRunnerWorker.java:95)
	at org.testng.TestNG.runSuitesSequentially(TestNG.java:1301)
	at org.testng.TestNG.runSuitesLocally(TestNG.java:1228)
	at org.testng.TestNG.runSuites(TestNG.java:1134)
	at org.testng.TestNG.run(TestNG.java:1101)
	at org.apache.maven.surefire.testng.TestNGExecutor.run(TestNGExecutor.java:151)
	at org.apache.maven.surefire.testng.TestNGDirectoryTestSuite.executeSingleClass(TestNGDirectoryTestSuite.java:111)
	at org.apache.maven.surefire.testng.TestNGDirectoryTestSuite.execute(TestNGDirectoryTestSuite.java:98)
	at org.apache.maven.surefire.testng.TestNGProvider.invoke(TestNGProvider.java:155)
	at org.apache.maven.surefire.booter.ForkedBooter.runSuitesInProcess(ForkedBooter.java:456)
	at org.apache.maven.surefire.booter.ForkedBooter.execute(ForkedBooter.java:169)
	at org.apache.maven.surefire.booter.ForkedBooter.run(ForkedBooter.java:595)
	at org.apache.maven.surefire.booter.ForkedBooter.main(ForkedBooter.java:581)
]]></failure>
    <system-out><![CDATA[setup1 method exicuted sanity
[DEBUG] Using WebDriverManager 5.6.3
[DEBUG] Resolution chrome=122 in cache (valid until 22:35:25 10/03/2024 IST)
[DEBUG] Resolution chrome122=122.0.6261.111 in cache (valid until 21:35:25 11/03/2024 IST)
[INFO] Using chromedriver 122.0.6261.111 (resolved driver for Chrome 122)
[DEBUG] Driver chromedriver 122.0.6261.111 found in cache
[INFO] Exporting webdriver.chrome.driver as C:\Users\Shree\.cache\selenium\chromedriver\win64\122.0.6261.111\chromedriver.exe
[INFO ] 2024-03-10 21:36:44.413 [main] StepDef - Step 1 exicuted
[INFO ] 2024-03-10 21:36:44.417 [main] StepDef - launch chrome browser
[INFO ] 2024-03-10 21:36:46.749 [main] StepDef - url open
[INFO ] 2024-03-10 21:36:47.102 [main] StepDef - enter email add and pwrd
[INFO ] 2024-03-10 21:36:59.990 [main] StepDef - click on login button
[INFO ] 2024-03-10 21:37:01.655 [main] StepDef - user can view dashbord pass
[INFO ] 2024-03-10 21:37:01.656 [main] StepDef - user enter email add 
[INFO ] 2024-03-10 21:37:02.117 [main] StepDef - user click on customer menu
[INFO ] 2024-03-10 21:37:02.117 [main] StepDef - user enter email add 
[INFO ] 2024-03-10 21:37:05.021 [main] StepDef - user click on customer menu item
[INFO ] 2024-03-10 21:37:07.299 [main] StepDef - user click on add new button
[INFO ] 2024-03-10 21:37:07.355 [main] StepDef - user can view add new customer page pass
]]></system-out>
    <system-err><![CDATA[Mar 10, 2024 9:36:44 PM org.openqa.selenium.devtools.CdpVersionFinder findNearestMatch
WARNING: Unable to find an exact match for CDP version 122, returning the closest version; found: 121; Please update to a Selenium version that supports CDP version 122
]]></system-err>
  </testcase>
  <testcase name="runScenario[&quot;Successful login with valid Credentials&quot;, &quot;Login&quot;](6)" classname="TestRunner.Run" time="29.008">
    <system-out><![CDATA[setup1 method exicuted sanity
[DEBUG] Using WebDriverManager 5.6.3
[DEBUG] Resolution chrome=122 in cache (valid until 22:35:25 10/03/2024 IST)
[DEBUG] Resolution chrome122=122.0.6261.111 in cache (valid until 21:35:25 11/03/2024 IST)
[INFO] Using chromedriver 122.0.6261.111 (resolved driver for Chrome 122)
[DEBUG] Driver chromedriver 122.0.6261.111 found in cache
[INFO] Exporting webdriver.chrome.driver as C:\Users\Shree\.cache\selenium\chromedriver\win64\122.0.6261.111\chromedriver.exe
[INFO ] 2024-03-10 21:40:30.915 [main] StepDef - Step 1 exicuted
[INFO ] 2024-03-10 21:40:30.918 [main] StepDef - launch chrome browser
[INFO ] 2024-03-10 21:40:33.788 [main] StepDef - url open
[INFO ] 2024-03-10 21:40:34.225 [main] StepDef - enter email add and pwrd
[INFO ] 2024-03-10 21:40:45.787 [main] StepDef - click on login button
[INFO ] 2024-03-10 21:40:54.192 [main] StepDef - page title match
[INFO ] 2024-03-10 21:40:57.942 [main] StepDef - click on logout button
[INFO ] 2024-03-10 21:40:57.994 [main] StepDef - page title match
[INFO ] 2024-03-10 21:40:58.818 [main] StepDef - close browser
]]></system-out>
    <system-err><![CDATA[Mar 10, 2024 9:40:30 PM org.openqa.selenium.devtools.CdpVersionFinder findNearestMatch
WARNING: Unable to find an exact match for CDP version 122, returning the closest version; found: 121; Please update to a Selenium version that supports CDP version 122
Mar 10, 2024 9:40:58 PM org.openqa.selenium.remote.http.WebSocket$Listener onError
WARNING: Connection reset
java.net.SocketException: Connection reset
	at java.base/sun.nio.ch.SocketChannelImpl.throwConnectionReset(SocketChannelImpl.java:401)
	at java.base/sun.nio.ch.SocketChannelImpl.read(SocketChannelImpl.java:434)
	at java.net.http/jdk.internal.net.http.SocketTube.readAvailable(SocketTube.java:1178)
	at java.net.http/jdk.internal.net.http.SocketTube$InternalReadPublisher$InternalReadSubscription.read(SocketTube.java:841)
	at java.net.http/jdk.internal.net.http.SocketTube$SocketFlowTask.run(SocketTube.java:181)
	at java.net.http/jdk.internal.net.http.common.SequentialScheduler$SchedulableTask.run(SequentialScheduler.java:207)
	at java.net.http/jdk.internal.net.http.common.SequentialScheduler.runOrSchedule(SequentialScheduler.java:280)
	at java.net.http/jdk.internal.net.http.common.SequentialScheduler.runOrSchedule(SequentialScheduler.java:233)
	at java.net.http/jdk.internal.net.http.SocketTube$InternalReadPublisher$InternalReadSubscription.signalReadable(SocketTube.java:782)
	at java.net.http/jdk.internal.net.http.SocketTube$InternalReadPublisher$ReadEvent.signalEvent(SocketTube.java:965)
	at java.net.http/jdk.internal.net.http.SocketTube$SocketFlowEvent.handle(SocketTube.java:253)
	at java.net.http/jdk.internal.net.http.HttpClientImpl$SelectorManager.handleEvent(HttpClientImpl.java:1467)
	at java.net.http/jdk.internal.net.http.HttpClientImpl$SelectorManager.lambda$run$3(HttpClientImpl.java:1412)
	at java.base/java.util.ArrayList.forEach(ArrayList.java:1596)
	at java.net.http/jdk.internal.net.http.HttpClientImpl$SelectorManager.run(HttpClientImpl.java:1412)

]]></system-err>
  </testcase>
</testsuite>